2025-04-22 15:56:32,370 - INFO - [MainThread] - Inizio elaborazione video NBA
2025-04-22 15:56:32,370 - ERROR - [MainThread] - Errore durante l'esecuzione principale: [Errno 2] No such file or directory: 'Scraping_data/video_bos_download_results_1.json'
2025-04-22 15:56:32,370 - INFO - [MainThread] - Script terminato
2025-04-22 15:57:22,368 - INFO - [MainThread] - Inizio elaborazione video NBA
2025-04-22 15:57:22,406 - INFO - [MainThread] - Trovati 166 clip video nel file JSON
2025-04-22 15:57:22,406 - INFO - [MainThread] - Totale clip video da elaborare: 166
2025-04-22 15:57:22,406 - INFO - [MainThread] - Avvio elaborazione parallela con 8 worker
2025-04-22 15:57:23,675 - INFO - [ThreadPoolExecutor-0_3] - Elaborazione di bos-vs-nyk-0022300065_2_00:24 da https://www.nba.com//stats/events/?CFID=&CFPARAMS=&GameEventID=318&GameID=0022300065&Season=2023-24&flag=1&title=Tatum%201'%20Driving%20Dunk%20(19%20PTS)%20(Horford%202%20AST)
2025-04-22 15:57:23,697 - INFO - [ThreadPoolExecutor-0_6] - Elaborazione di bos-vs-was-0022300103_1_00:17 da https://www.nba.com//stats/events/?CFID=&CFPARAMS=&GameEventID=148&GameID=0022300103&Season=2023-24&flag=1&title=MISS%20Gallinari%2024'%203PT%20Jump%20Shot
2025-04-22 15:57:23,697 - INFO - [ThreadPoolExecutor-0_4] - Elaborazione di bos-vs-nyk-0022300065_2_00:36 da https://www.nba.com//stats/events/?CFID=&CFPARAMS=&GameEventID=314&GameID=0022300065&Season=2023-24&flag=1&title=Grimes%202'%20Driving%20Finger%20Roll%20Layup%20(5%20PTS)%20(Brunson%204%20AST)
2025-04-22 15:57:23,710 - INFO - [ThreadPoolExecutor-0_0] - Elaborazione di bos-vs-nyk-0022300065_2_04:00 da https://www.nba.com//stats/events/?CFID=&CFPARAMS=&GameEventID=271&GameID=0022300065&Season=2023-24&flag=1&title=MISS%20Randle%203'%20Driving%20Layup
2025-04-22 15:57:23,764 - INFO - [ThreadPoolExecutor-0_5] - Elaborazione di mia-vs-bos-0022300080_4_10:55 da https://www.nba.com//stats/events/?CFID=&CFPARAMS=&GameEventID=498&GameID=0022300080&Season=2023-24&flag=1&title=White%2029'%203PT%20Jump%20Shot%20(18%20PTS)%20(Horford%202%20AST)
2025-04-22 15:57:23,800 - INFO - [ThreadPoolExecutor-0_7] - Elaborazione di bos-vs-bkn-0022300136_2_06:18 da https://www.nba.com//stats/events/?CFID=&CFPARAMS=&GameEventID=257&GameID=0022300136&Season=2023-24&flag=1&title=Thomas%2014'%20Fadeaway%20Jumper%20(10%20PTS)
2025-04-22 15:57:23,821 - INFO - [ThreadPoolExecutor-0_1] - Elaborazione di bos-vs-nyk-0022300065_2_00:59 da https://www.nba.com//stats/events/?CFID=&CFPARAMS=&GameEventID=304&GameID=0022300065&Season=2023-24&flag=1&title=MISS%20Tatum%2025'%203PT%20Step%20Back%20Jump%20Shot
2025-04-22 15:57:23,826 - INFO - [ThreadPoolExecutor-0_2] - Elaborazione di bos-vs-nyk-0022300065_2_00:50 da https://www.nba.com//stats/events/?CFID=&CFPARAMS=&GameEventID=312&GameID=0022300065&Season=2023-24&flag=1&title=MISS%20Holiday%2025'%203PT%20Step%20Back%20Jump%20Shot
2025-04-22 15:57:29,939 - INFO - [ThreadPoolExecutor-0_2] - Video salvato con successo: Video/bos-vs-nyk-0022300065_2_00:50.mp4
2025-04-22 15:57:30,064 - INFO - [ThreadPoolExecutor-0_5] - Video salvato con successo: Video/mia-vs-bos-0022300080_4_10:55.mp4
2025-04-22 15:57:30,067 - INFO - [ThreadPoolExecutor-0_4] - Video salvato con successo: Video/bos-vs-nyk-0022300065_2_00:36.mp4
2025-04-22 15:57:30,269 - INFO - [ThreadPoolExecutor-0_2] - Elaborazione di bos-vs-bkn-0022300136_4_05:25 da https://www.nba.com//stats/events/?CFID=&CFPARAMS=&GameEventID=596&GameID=0022300136&Season=2023-24&flag=1&title=Dinwiddie%201'%20Driving%20Layup%20(19%20PTS)
2025-04-22 15:57:30,440 - INFO - [ThreadPoolExecutor-0_4] - Elaborazione di bos-vs-min-0022300154_4_05:50 da https://www.nba.com//stats/events/?CFID=&CFPARAMS=&GameEventID=609&GameID=0022300154&Season=2023-24&flag=1&title=MISS%20Towns%2028'%203PT%20Jump%20Shot
2025-04-22 15:57:30,451 - INFO - [ThreadPoolExecutor-0_5] - Elaborazione di bos-vs-bkn-0022300136_4_05:11 da https://www.nba.com//stats/events/?CFID=&CFPARAMS=&GameEventID=597&GameID=0022300136&Season=2023-24&flag=1&title=Tatum%201'%20Driving%20Layup%20(31%20PTS)
2025-04-22 15:57:30,935 - INFO - [ThreadPoolExecutor-0_6] - Video salvato con successo: Video/bos-vs-was-0022300103_1_00:17.mp4
2025-04-22 15:57:31,240 - INFO - [ThreadPoolExecutor-0_6] - Elaborazione di tor-vs-bos-0022300174_3_02:36 da https://www.nba.com//stats/events/?CFID=&CFPARAMS=&GameEventID=405&GameID=0022300174&Season=2023-24&flag=1&title=MISS%20Brown%203'%20Driving%20Layup
2025-04-22 15:57:31,503 - INFO - [ThreadPoolExecutor-0_0] - Video salvato con successo: Video/bos-vs-nyk-0022300065_2_04:00.mp4
2025-04-22 15:57:31,898 - INFO - [ThreadPoolExecutor-0_0] - Elaborazione di tor-vs-bos-0022300174_3_00:24 da https://www.nba.com//stats/events/?CFID=&CFPARAMS=&GameEventID=440&GameID=0022300174&Season=2023-24&flag=1&title=Anunoby%2026'%203PT%20Jump%20Shot%20(8%20PTS)%20(Schroder%204%20AST)
2025-04-22 15:57:32,312 - INFO - [ThreadPoolExecutor-0_7] - Video salvato con successo: Video/bos-vs-bkn-0022300136_2_06:18.mp4
2025-04-22 15:57:32,638 - INFO - [ThreadPoolExecutor-0_1] - Video salvato con successo: Video/bos-vs-nyk-0022300065_2_00:59.mp4
2025-04-22 15:57:32,701 - INFO - [ThreadPoolExecutor-0_7] - Elaborazione di tor-vs-bos-0022300174_4_11:30 da https://www.nba.com//stats/events/?CFID=&CFPARAMS=&GameEventID=461&GameID=0022300174&Season=2023-24&flag=1&title=MISS%20Poeltl%205'%20Cutting%20Layup%20Shot
2025-04-22 15:57:32,836 - INFO - [ThreadPoolExecutor-0_3] - Video salvato con successo: Video/bos-vs-nyk-0022300065_2_00:24.mp4
2025-04-22 15:57:33,096 - INFO - [ThreadPoolExecutor-0_1] - Elaborazione di tor-vs-bos-0022300174_4_10:51 da https://www.nba.com//stats/events/?CFID=&CFPARAMS=&GameEventID=474&GameID=0022300174&Season=2023-24&flag=1&title=MISS%20Horford%2025'%203PT%20Jump%20Shot
2025-04-22 15:57:33,301 - INFO - [ThreadPoolExecutor-0_3] - Elaborazione di tor-vs-bos-0022300174_4_10:00 da https://www.nba.com//stats/events/?CFID=&CFPARAMS=&GameEventID=483&GameID=0022300174&Season=2023-24&flag=1&title=MISS%20Anunoby%2028'%203PT%20Jump%20Shot
2025-04-22 15:57:34,568 - INFO - [ThreadPoolExecutor-0_2] - Video salvato con successo: Video/bos-vs-bkn-0022300136_4_05:25.mp4
2025-04-22 15:57:34,920 - INFO - [ThreadPoolExecutor-0_2] - Elaborazione di tor-vs-bos-0022300174_4_09:48 da https://www.nba.com//stats/events/?CFID=&CFPARAMS=&GameEventID=485&GameID=0022300174&Season=2023-24&flag=1&title=Tatum%2030'%203PT%20Jump%20Shot%20(25%20PTS)%20(Pritchard%203%20AST)
2025-04-22 15:57:35,360 - INFO - [ThreadPoolExecutor-0_5] - Video salvato con successo: Video/bos-vs-bkn-0022300136_4_05:11.mp4
2025-04-22 15:57:35,755 - INFO - [ThreadPoolExecutor-0_5] - Elaborazione di tor-vs-bos-0022300174_4_07:56 da https://www.nba.com//stats/events/?CFID=&CFPARAMS=&GameEventID=514&GameID=0022300174&Season=2023-24&flag=1&title=MISS%20Boucher%203PT%20Jump%20Shot
2025-04-22 15:57:36,116 - INFO - [ThreadPoolExecutor-0_6] - Video salvato con successo: Video/tor-vs-bos-0022300174_3_02:36.mp4
2025-04-22 15:57:36,293 - INFO - [ThreadPoolExecutor-0_4] - Video salvato con successo: Video/bos-vs-min-0022300154_4_05:50.mp4
2025-04-22 15:57:36,552 - INFO - [ThreadPoolExecutor-0_6] - Elaborazione di tor-vs-bos-0022300174_4_06:24 da https://www.nba.com//stats/events/?CFID=&CFPARAMS=&GameEventID=529&GameID=0022300174&Season=2023-24&flag=1&title=Boucher%2028'%203PT%20Jump%20Shot%20(3%20PTS)%20(Dick%201%20AST)
2025-04-22 15:57:36,747 - INFO - [ThreadPoolExecutor-0_4] - Elaborazione di tor-vs-bos-0022300174_4_05:11 da https://www.nba.com//stats/events/?CFID=&CFPARAMS=&GameEventID=547&GameID=0022300174&Season=2023-24&flag=1&title=Tatum%203'%20Driving%20Layup%20(27%20PTS)
2025-04-22 15:57:37,584 - INFO - [ThreadPoolExecutor-0_0] - Video salvato con successo: Video/tor-vs-bos-0022300174_3_00:24.mp4
2025-04-22 15:57:38,016 - INFO - [ThreadPoolExecutor-0_0] - Elaborazione di tor-vs-bos-0022300174_4_04:57 da https://www.nba.com//stats/events/?CFID=&CFPARAMS=&GameEventID=548&GameID=0022300174&Season=2023-24&flag=1&title=MISS%20Dick%2010'%20Pullup%20Jump%20Shot
2025-04-22 15:57:38,861 - INFO - [ThreadPoolExecutor-0_3] - Video salvato con successo: Video/tor-vs-bos-0022300174_4_10:00.mp4
2025-04-22 15:57:39,229 - INFO - [ThreadPoolExecutor-0_3] - Elaborazione di tor-vs-bos-0022300174_4_04:28 da https://www.nba.com//stats/events/?CFID=&CFPARAMS=&GameEventID=556&GameID=0022300174&Season=2023-24&flag=1&title=Boucher%2027'%203PT%20Jump%20Shot%20(6%20PTS)%20(Achiuwa%205%20AST)
2025-04-22 15:57:39,782 - INFO - [ThreadPoolExecutor-0_2] - Video salvato con successo: Video/tor-vs-bos-0022300174_4_09:48.mp4
2025-04-22 15:57:40,117 - INFO - [ThreadPoolExecutor-0_2] - Elaborazione di tor-vs-bos-0022300174_4_04:13 da https://www.nba.com//stats/events/?CFID=&CFPARAMS=&GameEventID=558&GameID=0022300174&Season=2023-24&flag=1&title=Pritchard%202'%20Driving%20Layup%20(5%20PTS)
2025-04-22 15:57:40,358 - INFO - [ThreadPoolExecutor-0_5] - Video salvato con successo: Video/tor-vs-bos-0022300174_4_07:56.mp4
2025-04-22 15:57:40,588 - INFO - [ThreadPoolExecutor-0_1] - Video salvato con successo: Video/tor-vs-bos-0022300174_4_10:51.mp4
2025-04-22 15:57:40,676 - INFO - [ThreadPoolExecutor-0_5] - Elaborazione di tor-vs-bos-0022300174_4_03:50 da https://www.nba.com//stats/events/?CFID=&CFPARAMS=&GameEventID=566&GameID=0022300174&Season=2023-24&flag=1&title=Flynn%207'%20Driving%20Floating%20Jump%20Shot%20(10%20PTS)%20(Young%201%20AST)
2025-04-22 15:57:40,934 - INFO - [ThreadPoolExecutor-0_1] - Elaborazione di tor-vs-bos-0022300174_4_03:31 da https://www.nba.com//stats/events/?CFID=&CFPARAMS=&GameEventID=571&GameID=0022300174&Season=2023-24&flag=1&title=Kornet%201'%20Layup%20(2%20PTS)%20(Pritchard%204%20AST)
2025-04-22 15:57:41,283 - INFO - [ThreadPoolExecutor-0_6] - Video salvato con successo: Video/tor-vs-bos-0022300174_4_06:24.mp4
2025-04-22 15:57:41,615 - INFO - [ThreadPoolExecutor-0_6] - Elaborazione di tor-vs-bos-0022300174_4_01:57 da https://www.nba.com//stats/events/?CFID=&CFPARAMS=&GameEventID=584&GameID=0022300174&Season=2023-24&flag=1&title=MISS%20Mykhailiuk%2027'%203PT%20Jump%20Shot
2025-04-22 15:57:42,442 - INFO - [ThreadPoolExecutor-0_4] - Video salvato con successo: Video/tor-vs-bos-0022300174_4_05:11.mp4
2025-04-22 15:57:42,848 - INFO - [ThreadPoolExecutor-0_4] - Elaborazione di nyk-vs-bos-0022300188_1_09:31 da https://www.nba.com//stats/events/?CFID=&CFPARAMS=&GameEventID=25&GameID=0022300188&Season=2023-24&flag=1&title=Randle%2027'%203PT%20Pullup%20Jump%20Shot%20(3%20PTS)
2025-04-22 15:57:43,104 - INFO - [ThreadPoolExecutor-0_7] - Video salvato con successo: Video/tor-vs-bos-0022300174_4_11:30.mp4
2025-04-22 15:57:43,520 - INFO - [ThreadPoolExecutor-0_7] - Elaborazione di nyk-vs-bos-0022300188_1_09:18 da https://www.nba.com//stats/events/?CFID=&CFPARAMS=&GameEventID=26&GameID=0022300188&Season=2023-24&flag=1&title=Porzingis%20Alley%20Oop%20Dunk%20(5%20PTS)%20(Brown%202%20AST)
2025-04-22 15:57:44,961 - INFO - [ThreadPoolExecutor-0_0] - Video salvato con successo: Video/tor-vs-bos-0022300174_4_04:57.mp4
2025-04-22 15:57:45,328 - INFO - [ThreadPoolExecutor-0_0] - Elaborazione di bos-vs-phi-0022300194_2_04:24 da https://www.nba.com//stats/events/?CFID=&CFPARAMS=&GameEventID=244&GameID=0022300194&Season=2023-24&flag=1&title=MISS%20Holiday%206'%20Driving%20Floating%20Jump%20Shot
2025-04-22 15:57:46,109 - INFO - [ThreadPoolExecutor-0_3] - Video salvato con successo: Video/tor-vs-bos-0022300174_4_04:28.mp4
2025-04-22 15:57:46,441 - INFO - [ThreadPoolExecutor-0_3] - Elaborazione di bos-vs-tor-0022300031_1_10:16 da https://www.nba.com//stats/events/?CFID=&CFPARAMS=&GameEventID=20&GameID=0022300031&Season=2023-24&flag=1&title=MISS%20Tatum%2024'%203PT%20Jump%20Shot
2025-04-22 15:57:46,923 - INFO - [ThreadPoolExecutor-0_6] - Video salvato con successo: Video/tor-vs-bos-0022300174_4_01:57.mp4
2025-04-22 15:57:47,014 - INFO - [ThreadPoolExecutor-0_2] - Video salvato con successo: Video/tor-vs-bos-0022300174_4_04:13.mp4
2025-04-22 15:57:47,265 - INFO - [ThreadPoolExecutor-0_6] - Elaborazione di bos-vs-tor-0022300031_1_10:53 da https://www.nba.com//stats/events/?CFID=&CFPARAMS=&GameEventID=16&GameID=0022300031&Season=2023-24&flag=1&title=Holiday%203PT%20Jump%20Shot%20(3%20PTS)%20(Brown%201%20AST)
2025-04-22 15:57:47,394 - INFO - [ThreadPoolExecutor-0_2] - Elaborazione di bos-vs-tor-0022300031_2_11:44 da https://www.nba.com//stats/events/?CFID=&CFPARAMS=&GameEventID=161&GameID=0022300031&Season=2023-24&flag=1&title=MISS%20Barnes%2013'%20Driving%20Floating%20Jump%20Shot
2025-04-22 15:57:47,851 - INFO - [ThreadPoolExecutor-0_5] - Video salvato con successo: Video/tor-vs-bos-0022300174_4_03:50.mp4
2025-04-22 15:57:48,206 - INFO - [ThreadPoolExecutor-0_5] - Elaborazione di bos-vs-mem-0022300213_2_00:41 da https://www.nba.com//stats/events/?CFID=&CFPARAMS=&GameEventID=325&GameID=0022300213&Season=2023-24&flag=1&title=MISS%20White%205'%20Running%20Layup
2025-04-22 15:57:48,798 - INFO - [ThreadPoolExecutor-0_4] - Video salvato con successo: Video/nyk-vs-bos-0022300188_1_09:31.mp4
2025-04-22 15:57:49,004 - INFO - [ThreadPoolExecutor-0_1] - Video salvato con successo: Video/tor-vs-bos-0022300174_4_03:31.mp4
2025-04-22 15:57:49,429 - INFO - [ThreadPoolExecutor-0_1] - Elaborazione di mil-vs-bos-0022300228_3_00:02 da https://www.nba.com//stats/events/?CFID=&CFPARAMS=&GameEventID=456&GameID=0022300228&Season=2023-24&flag=1&title=MISS%20Pritchard%2023'%20Jump%20Shot
2025-04-22 15:57:49,871 - INFO - [ThreadPoolExecutor-0_7] - Video salvato con successo: Video/nyk-vs-bos-0022300188_1_09:18.mp4
2025-04-22 15:57:50,210 - INFO - [ThreadPoolExecutor-0_4] - Elaborazione di bos-vs-orl-0022300043_1_05:34 da https://www.nba.com//stats/events/?CFID=&CFPARAMS=&GameEventID=74&GameID=0022300043&Season=2023-24&flag=1&title=MISS%20Porzingis%2024'%203PT%20Jump%20Shot
2025-04-22 15:57:50,301 - INFO - [ThreadPoolExecutor-0_7] - Elaborazione di chi-vs-bos-0022300053_1_09:20 da https://www.nba.com//stats/events/?CFID=&CFPARAMS=&GameEventID=29&GameID=0022300053&Season=2023-24&flag=1&title=Tatum%201'%20Cutting%20Layup%20Shot%20(2%20PTS)%20(Horford%201%20AST)
2025-04-22 15:57:51,862 - INFO - [ThreadPoolExecutor-0_3] - Video salvato con successo: Video/bos-vs-tor-0022300031_1_10:16.mp4
2025-04-22 15:57:52,220 - INFO - [ThreadPoolExecutor-0_3] - Elaborazione di chi-vs-bos-0022300053_2_02:56 da https://www.nba.com//stats/events/?CFID=&CFPARAMS=&GameEventID=279&GameID=0022300053&Season=2023-24&flag=1&title=White%203'%20Driving%20Reverse%20Layup%20(8%20PTS)%20(LaVine%204%20AST)
2025-04-22 15:57:52,502 - INFO - [ThreadPoolExecutor-0_5] - Video salvato con successo: Video/bos-vs-mem-0022300213_2_00:41.mp4
2025-04-22 15:57:52,856 - INFO - [ThreadPoolExecutor-0_5] - Elaborazione di chi-vs-bos-0022300053_3_03:50 da https://www.nba.com//stats/events/?CFID=&CFPARAMS=&GameEventID=422&GameID=0022300053&Season=2023-24&flag=1&title=MISS%20Hauser%2027'%203PT%20Running%20Jump%20Shot
2025-04-22 15:57:52,925 - INFO - [ThreadPoolExecutor-0_2] - Video salvato con successo: Video/bos-vs-tor-0022300031_2_11:44.mp4
2025-04-22 15:57:53,268 - INFO - [ThreadPoolExecutor-0_2] - Elaborazione di orl-vs-bos-0022300329_3_00:32 da https://www.nba.com//stats/events/?CFID=&CFPARAMS=&GameEventID=515&GameID=0022300329&Season=2023-24&flag=1&title=MISS%20Tatum%2027'%203PT%20Step%20Back%20Jump%20Shot
2025-04-22 15:57:53,694 - INFO - [ThreadPoolExecutor-0_0] - Video salvato con successo: Video/bos-vs-phi-0022300194_2_04:24.mp4
2025-04-22 15:57:54,125 - INFO - [ThreadPoolExecutor-0_0] - Elaborazione di orl-vs-bos-0022300344_2_05:20 da https://www.nba.com//stats/events/?CFID=&CFPARAMS=&GameEventID=246&GameID=0022300344&Season=2023-24&flag=1&title=MISS%20F.%20Wagner%2026'%203PT%20Pullup%20Jump%20Shot
2025-04-22 15:57:54,922 - INFO - [ThreadPoolExecutor-0_6] - Video salvato con successo: Video/bos-vs-tor-0022300031_1_10:53.mp4
2025-04-22 15:57:55,267 - INFO - [ThreadPoolExecutor-0_6] - Elaborazione di bos-vs-gsw-0022300362_2_02:05 da https://www.nba.com//stats/events/?CFID=&CFPARAMS=&GameEventID=290&GameID=0022300362&Season=2023-24&flag=1&title=MISS%20Thompson%2024'%203PT%20Jump%20Shot
2025-04-22 15:57:55,653 - INFO - [ThreadPoolExecutor-0_4] - Video salvato con successo: Video/bos-vs-orl-0022300043_1_05:34.mp4
2025-04-22 15:57:55,979 - INFO - [ThreadPoolExecutor-0_4] - Elaborazione di bos-vs-gsw-0022300362_4_04:15 da https://www.nba.com//stats/events/?CFID=&CFPARAMS=&GameEventID=571&GameID=0022300362&Season=2023-24&flag=1&title=MISS%20Curry%207'%20Driving%20Finger%20Roll%20Layup
2025-04-22 15:57:56,328 - INFO - [ThreadPoolExecutor-0_1] - Video salvato con successo: Video/mil-vs-bos-0022300228_3_00:02.mp4
2025-04-22 15:57:56,686 - INFO - [ThreadPoolExecutor-0_1] - Elaborazione di bos-vs-gsw-0022300362_4_08:46 da https://www.nba.com//stats/events/?CFID=&CFPARAMS=&GameEventID=518&GameID=0022300362&Season=2023-24&flag=1&title=Wiggins%204'%20Running%20Layup%20(6%20PTS)%20(Paul%209%20AST)
2025-04-22 15:57:58,498 - INFO - [ThreadPoolExecutor-0_3] - Video salvato con successo: Video/chi-vs-bos-0022300053_2_02:56.mp4
2025-04-22 15:57:58,876 - INFO - [ThreadPoolExecutor-0_3] - Elaborazione di bos-vs-gsw-0022300362_4_06:21 da https://www.nba.com//stats/events/?CFID=&CFPARAMS=&GameEventID=560&GameID=0022300362&Season=2023-24&flag=1&title=Holiday%206'%20Turnaround%20Jump%20Shot%20(11%20PTS)%20(Tatum%205%20AST)
2025-04-22 15:57:59,218 - INFO - [ThreadPoolExecutor-0_7] - Video salvato con successo: Video/chi-vs-bos-0022300053_1_09:20.mp4
2025-04-22 15:57:59,255 - INFO - [ThreadPoolExecutor-0_5] - Video salvato con successo: Video/chi-vs-bos-0022300053_3_03:50.mp4
2025-04-22 15:57:59,588 - INFO - [ThreadPoolExecutor-0_7] - Elaborazione di bos-vs-lal-0022300403_1_02:25 da https://www.nba.com//stats/events/?CFID=&CFPARAMS=&GameEventID=136&GameID=0022300403&Season=2023-24&flag=1&title=MISS%20Brown%2017'%20Fadeaway%20Jumper
2025-04-22 15:57:59,649 - INFO - [ThreadPoolExecutor-0_5] - Elaborazione di bos-vs-lal-0022300403_2_10:16 da https://www.nba.com//stats/events/?CFID=&CFPARAMS=&GameEventID=192&GameID=0022300403&Season=2023-24&flag=1&title=Pritchard%2025'%203PT%20Jump%20Shot%20(3%20PTS)%20(Queta%201%20AST)
2025-04-22 15:58:00,839 - INFO - [ThreadPoolExecutor-0_6] - Video salvato con successo: Video/bos-vs-gsw-0022300362_2_02:05.mp4
2025-04-22 15:58:00,880 - INFO - [ThreadPoolExecutor-0_2] - Video salvato con successo: Video/orl-vs-bos-0022300329_3_00:32.mp4
2025-04-22 15:58:01,358 - INFO - [ThreadPoolExecutor-0_6] - Elaborazione di bos-vs-lal-0022300403_2_01:46 da https://www.nba.com//stats/events/?CFID=&CFPARAMS=&GameEventID=307&GameID=0022300403&Season=2023-24&flag=1&title=White%205'%20Driving%20Floating%20Jump%20Shot%20(6%20PTS)
2025-04-22 15:58:01,367 - INFO - [ThreadPoolExecutor-0_2] - Elaborazione di bos-vs-lal-0022300403_2_01:02 da https://www.nba.com//stats/events/?CFID=&CFPARAMS=&GameEventID=319&GameID=0022300403&Season=2023-24&flag=1&title=Porzingis%204'%20Turnaround%20Bank%20Shot%20(11%20PTS)
2025-04-22 15:58:03,033 - INFO - [ThreadPoolExecutor-0_0] - Video salvato con successo: Video/orl-vs-bos-0022300344_2_05:20.mp4
2025-04-22 15:58:03,061 - INFO - [ThreadPoolExecutor-0_1] - Video salvato con successo: Video/bos-vs-gsw-0022300362_4_08:46.mp4
2025-04-22 15:58:03,429 - INFO - [ThreadPoolExecutor-0_0] - Elaborazione di det-vs-bos-0022300421_2_07:34 da https://www.nba.com//stats/events/?CFID=&CFPARAMS=&GameEventID=218&GameID=0022300421&Season=2023-24&flag=1&title=Thompson%203'%20Cutting%20Dunk%20Shot%20(2%20PTS)%20(Duren%202%20AST)
2025-04-22 15:58:03,435 - INFO - [ThreadPoolExecutor-0_1] - Elaborazione di det-vs-bos-0022300421_2_09:02 da https://www.nba.com//stats/events/?CFID=&CFPARAMS=&GameEventID=198&GameID=0022300421&Season=2023-24&flag=1&title=MISS%20Holiday%208'%20Turnaround%20Fadeaway%20Shot
2025-04-22 15:58:04,916 - INFO - [ThreadPoolExecutor-0_7] - Video salvato con successo: Video/bos-vs-lal-0022300403_1_02:25.mp4
2025-04-22 15:58:05,298 - INFO - [ThreadPoolExecutor-0_7] - Elaborazione di tor-vs-bos-0022300432_3_09:25 da https://www.nba.com//stats/events/?CFID=&CFPARAMS=&GameEventID=339&GameID=0022300432&Season=2023-24&flag=1&title=White%202'%20Running%20Dunk%20(8%20PTS)
2025-04-22 15:58:05,610 - INFO - [ThreadPoolExecutor-0_5] - Video salvato con successo: Video/bos-vs-lal-0022300403_2_10:16.mp4
2025-04-22 15:58:05,946 - INFO - [ThreadPoolExecutor-0_4] - Video salvato con successo: Video/bos-vs-gsw-0022300362_4_04:15.mp4
2025-04-22 15:58:05,972 - INFO - [ThreadPoolExecutor-0_5] - Elaborazione di bos-vs-sas-0022300448_2_11:44 da https://www.nba.com//stats/events/?CFID=&CFPARAMS=&GameEventID=151&GameID=0022300448&Season=2023-24&flag=1&title=Pritchard%2028'%203PT%20Jump%20Shot%20(3%20PTS)%20(Tatum%201%20AST)
2025-04-22 15:58:06,240 - INFO - [ThreadPoolExecutor-0_3] - Video salvato con successo: Video/bos-vs-gsw-0022300362_4_06:21.mp4
2025-04-22 15:58:06,363 - INFO - [ThreadPoolExecutor-0_4] - Elaborazione di bos-vs-sas-0022300448_2_11:23 da https://www.nba.com//stats/events/?CFID=&CFPARAMS=&GameEventID=153&GameID=0022300448&Season=2023-24&flag=1&title=Osman%201'%20Driving%20Layup%20(2%20PTS)%20(Wesley%202%20AST)
2025-04-22 15:58:06,618 - INFO - [ThreadPoolExecutor-0_3] - Elaborazione di bos-vs-sas-0022300448_2_11:10 da https://www.nba.com//stats/events/?CFID=&CFPARAMS=&GameEventID=155&GameID=0022300448&Season=2023-24&flag=1&title=Horford%203PT%20Jump%20Shot%20(3%20PTS)%20(Hauser%201%20AST)
2025-04-22 15:58:07,825 - INFO - [ThreadPoolExecutor-0_2] - Video salvato con successo: Video/bos-vs-lal-0022300403_2_01:02.mp4
2025-04-22 15:58:08,142 - INFO - [ThreadPoolExecutor-0_2] - Elaborazione di bos-vs-sas-0022300448_1_00:10 da https://www.nba.com//stats/events/?CFID=&CFPARAMS=&GameEventID=138&GameID=0022300448&Season=2023-24&flag=1&title=MISS%20Mamukelashvili%20Cutting%20Dunk%20Shot
2025-04-22 15:58:09,246 - INFO - [ThreadPoolExecutor-0_0] - Video salvato con successo: Video/det-vs-bos-0022300421_2_07:34.mp4
2025-04-22 15:58:09,520 - INFO - [ThreadPoolExecutor-0_1] - Video salvato con successo: Video/det-vs-bos-0022300421_2_09:02.mp4
2025-04-22 15:58:09,656 - INFO - [ThreadPoolExecutor-0_0] - Elaborazione di bos-vs-okc-0022300462_2_09:43 da https://www.nba.com//stats/events/?CFID=&CFPARAMS=&GameEventID=190&GameID=0022300462&Season=2023-24&flag=1&title=Pritchard%203'%20Driving%20Layup%20(2%20PTS)%20(Horford%203%20AST)
2025-04-22 15:58:09,947 - INFO - [ThreadPoolExecutor-0_1] - Elaborazione di bos-vs-okc-0022300462_3_10:05 da https://www.nba.com//stats/events/?CFID=&CFPARAMS=&GameEventID=362&GameID=0022300462&Season=2023-24&flag=1&title=Porzingis%204'%20Alley%20Oop%20Layup%20(20%20PTS)%20(Holiday%205%20AST)
2025-04-22 15:58:10,363 - INFO - [ThreadPoolExecutor-0_5] - Video salvato con successo: Video/bos-vs-sas-0022300448_2_11:44.mp4
2025-04-22 15:58:10,692 - INFO - [ThreadPoolExecutor-0_5] - Elaborazione di bos-vs-okc-0022300462_3_04:51 da https://www.nba.com//stats/events/?CFID=&CFPARAMS=&GameEventID=433&GameID=0022300462&Season=2023-24&flag=1&title=Hauser%203PT%20Jump%20Shot%20(6%20PTS)%20(Tatum%204%20AST)
2025-04-22 15:58:10,947 - INFO - [ThreadPoolExecutor-0_6] - Video salvato con successo: Video/bos-vs-lal-0022300403_2_01:46.mp4
2025-04-22 15:58:11,321 - INFO - [ThreadPoolExecutor-0_7] - Video salvato con successo: Video/tor-vs-bos-0022300432_3_09:25.mp4
2025-04-22 15:58:11,332 - INFO - [ThreadPoolExecutor-0_6] - Elaborazione di bos-vs-okc-0022300462_3_04:30 da https://www.nba.com//stats/events/?CFID=&CFPARAMS=&GameEventID=435&GameID=0022300462&Season=2023-24&flag=1&title=Gilgeous-Alexander%2027'%203PT%20Step%20Back%20Jump%20Shot%20(28%20PTS)%20(Giddey%206%20AST)
2025-04-22 15:58:11,731 - INFO - [ThreadPoolExecutor-0_7] - Elaborazione di uta-vs-bos-0022300479_1_03:22 da https://www.nba.com//stats/events/?CFID=&CFPARAMS=&GameEventID=113&GameID=0022300479&Season=2023-24&flag=1&title=MISS%20White%2027'%203PT%20Running%20Pull-Up%20Jump%20Shot
2025-04-22 15:58:13,207 - INFO - [ThreadPoolExecutor-0_3] - Video salvato con successo: Video/bos-vs-sas-0022300448_2_11:10.mp4
2025-04-22 15:58:13,444 - INFO - [ThreadPoolExecutor-0_2] - Video salvato con successo: Video/bos-vs-sas-0022300448_1_00:10.mp4
2025-04-22 15:58:13,577 - INFO - [ThreadPoolExecutor-0_3] - Elaborazione di uta-vs-bos-0022300479_1_02:04 da https://www.nba.com//stats/events/?CFID=&CFPARAMS=&GameEventID=127&GameID=0022300479&Season=2023-24&flag=1&title=MISS%20Clarkson%20Tip%20Layup%20Shot
2025-04-22 15:58:13,787 - INFO - [ThreadPoolExecutor-0_2] - Elaborazione di uta-vs-bos-0022300479_3_08:32 da https://www.nba.com//stats/events/?CFID=&CFPARAMS=&GameEventID=386&GameID=0022300479&Season=2023-24&flag=1&title=MISS%20Sexton%207'%20Running%20Layup
2025-04-22 15:58:14,995 - INFO - [ThreadPoolExecutor-0_4] - Video salvato con successo: Video/bos-vs-sas-0022300448_2_11:23.mp4
2025-04-22 15:58:15,407 - INFO - [ThreadPoolExecutor-0_4] - Elaborazione di uta-vs-bos-0022300479_3_01:45 da https://www.nba.com//stats/events/?CFID=&CFPARAMS=&GameEventID=492&GameID=0022300479&Season=2023-24&flag=1&title=MISS%20Brissett%203'%20Driving%20Layup
2025-04-22 15:58:16,150 - INFO - [ThreadPoolExecutor-0_5] - Video salvato con successo: Video/bos-vs-okc-0022300462_3_04:51.mp4
2025-04-22 15:58:16,263 - INFO - [ThreadPoolExecutor-0_0] - Video salvato con successo: Video/bos-vs-okc-0022300462_2_09:43.mp4
2025-04-22 15:58:16,610 - INFO - [ThreadPoolExecutor-0_1] - Video salvato con successo: Video/bos-vs-okc-0022300462_3_10:05.mp4
2025-04-22 15:58:16,614 - INFO - [ThreadPoolExecutor-0_5] - Elaborazione di uta-vs-bos-0022300479_3_01:18 da https://www.nba.com//stats/events/?CFID=&CFPARAMS=&GameEventID=498&GameID=0022300479&Season=2023-24&flag=1&title=Pritchard%203PT%20Jump%20Shot%20(3%20PTS)%20(Hauser%201%20AST)
2025-04-22 15:58:16,733 - INFO - [ThreadPoolExecutor-0_0] - Elaborazione di uta-vs-bos-0022300479_3_01:41 da https://www.nba.com//stats/events/?CFID=&CFPARAMS=&GameEventID=494&GameID=0022300479&Season=2023-24&flag=1&title=MISS%20Brissett%203PT%20Jump%20Shot
2025-04-22 15:58:17,051 - INFO - [ThreadPoolExecutor-0_1] - Elaborazione di bos-vs-mil-0022300528_2_04:39 da https://www.nba.com//stats/events/?CFID=&CFPARAMS=&GameEventID=244&GameID=0022300528&Season=2023-24&flag=1&title=Brown%202'%20Driving%20Layup%20(10%20PTS)%20(Holiday%201%20AST)
2025-04-22 15:58:17,498 - INFO - [ThreadPoolExecutor-0_7] - Video salvato con successo: Video/uta-vs-bos-0022300479_1_03:22.mp4
2025-04-22 15:58:17,818 - INFO - [ThreadPoolExecutor-0_7] - Elaborazione di hou-vs-bos-0022300542_4_09:54 da https://www.nba.com//stats/events/?CFID=&CFPARAMS=&GameEventID=551&GameID=0022300542&Season=2023-24&flag=1&title=Pritchard%202'%20Running%20Layup%20(11%20PTS)
2025-04-22 15:58:17,858 - INFO - [ThreadPoolExecutor-0_6] - Video salvato con successo: Video/bos-vs-okc-0022300462_3_04:30.mp4
2025-04-22 15:58:18,181 - INFO - [ThreadPoolExecutor-0_6] - Elaborazione di bos-vs-tor-0022300563_1_01:03 da https://www.nba.com//stats/events/?CFID=&CFPARAMS=&GameEventID=137&GameID=0022300563&Season=2023-24&flag=1&title=Barnes%206'%20Driving%20Hook%20Shot%20(2%20PTS)
2025-04-22 15:58:18,849 - INFO - [ThreadPoolExecutor-0_2] - Video salvato con successo: Video/uta-vs-bos-0022300479_3_08:32.mp4
2025-04-22 15:58:19,177 - INFO - [ThreadPoolExecutor-0_2] - Elaborazione di den-vs-bos-0022300586_1_09:20 da https://www.nba.com//stats/events/?CFID=&CFPARAMS=&GameEventID=27&GameID=0022300586&Season=2023-24&flag=1&title=Jokic%206'%20Driving%20Layup%20(4%20PTS)
2025-04-22 15:58:19,304 - INFO - [ThreadPoolExecutor-0_4] - Video salvato con successo: Video/uta-vs-bos-0022300479_3_01:45.mp4
2025-04-22 15:58:19,687 - INFO - [ThreadPoolExecutor-0_4] - Elaborazione di den-vs-bos-0022300586_2_08:21 da https://www.nba.com//stats/events/?CFID=&CFPARAMS=&GameEventID=172&GameID=0022300586&Season=2023-24&flag=1&title=Watson%201'%20Running%20Dunk%20(2%20PTS)%20(Murray%202%20AST)
2025-04-22 15:58:20,726 - INFO - [ThreadPoolExecutor-0_3] - Video salvato con successo: Video/uta-vs-bos-0022300479_1_02:04.mp4
2025-04-22 15:58:21,087 - INFO - [ThreadPoolExecutor-0_3] - Elaborazione di den-vs-bos-0022300586_2_08:26 da https://www.nba.com//stats/events/?CFID=&CFPARAMS=&GameEventID=170&GameID=0022300586&Season=2023-24&flag=1&title=MISS%20Tatum%2028'%203PT%20Step%20Back%20Jump%20Shot
2025-04-22 15:58:23,275 - INFO - [ThreadPoolExecutor-0_2] - Video salvato con successo: Video/den-vs-bos-0022300586_1_09:20.mp4
2025-04-22 15:58:23,601 - INFO - [ThreadPoolExecutor-0_2] - Elaborazione di bos-vs-hou-0022300603_4_01:25 da https://www.nba.com//stats/events/?CFID=&CFPARAMS=&GameEventID=649&GameID=0022300603&Season=2023-24&flag=1&title=MISS%20Tatum%2026'%203PT%20Step%20Back%20Jump%20Shot
2025-04-22 15:58:24,478 - INFO - [ThreadPoolExecutor-0_1] - Video salvato con successo: Video/bos-vs-mil-0022300528_2_04:39.mp4
2025-04-22 15:58:24,812 - INFO - [ThreadPoolExecutor-0_1] - Elaborazione di bos-vs-dal-0022300611_2_08:02 da https://www.nba.com//stats/events/?CFID=&CFPARAMS=&GameEventID=214&GameID=0022300611&Season=2023-24&flag=1&title=Tatum%2018'%20Pullup%20Jump%20Shot%20(18%20PTS)%20(Pritchard%202%20AST)
2025-04-22 15:58:24,938 - INFO - [ThreadPoolExecutor-0_7] - Video salvato con successo: Video/hou-vs-bos-0022300542_4_09:54.mp4
2025-04-22 15:58:25,260 - INFO - [ThreadPoolExecutor-0_7] - Elaborazione di bos-vs-dal-0022300611_2_08:39 da https://www.nba.com//stats/events/?CFID=&CFPARAMS=&GameEventID=207&GameID=0022300611&Season=2023-24&flag=1&title=MISS%20Doncic%202'%20Driving%20Layup
2025-04-22 15:58:25,472 - INFO - [ThreadPoolExecutor-0_4] - Video salvato con successo: Video/den-vs-bos-0022300586_2_08:21.mp4
2025-04-22 15:58:25,698 - INFO - [ThreadPoolExecutor-0_6] - Video salvato con successo: Video/bos-vs-tor-0022300563_1_01:03.mp4
2025-04-22 15:58:25,790 - INFO - [ThreadPoolExecutor-0_4] - Elaborazione di bos-vs-dal-0022300611_2_02:54 da https://www.nba.com//stats/events/?CFID=&CFPARAMS=&GameEventID=293&GameID=0022300611&Season=2023-24&flag=1&title=Hardaway%20Jr.%2024'%203PT%20Jump%20Shot%20(13%20PTS)%20(G.%20Williams%202%20AST)
2025-04-22 15:58:26,023 - INFO - [ThreadPoolExecutor-0_6] - Elaborazione di bos-vs-mia-0022300630_1_00:25 da https://www.nba.com//stats/events/?CFID=&CFPARAMS=&GameEventID=137&GameID=0022300630&Season=2023-24&flag=1&title=D.%20Robinson%203'%20Driving%20Finger%20Roll%20Layup%20(5%20PTS)%20(Adebayo%201%20AST)
2025-04-22 15:58:26,202 - INFO - [ThreadPoolExecutor-0_0] - Video salvato con successo: Video/uta-vs-bos-0022300479_3_01:41.mp4
2025-04-22 15:58:26,532 - INFO - [ThreadPoolExecutor-0_0] - Elaborazione di lac-vs-bos-0022300646_2_04:08 da https://www.nba.com//stats/events/?CFID=&CFPARAMS=&GameEventID=266&GameID=0022300646&Season=2023-24&flag=1&title=MISS%20Harden%2026'%203PT%20Pullup%20Jump%20Shot
2025-04-22 15:58:27,752 - INFO - [ThreadPoolExecutor-0_5] - Video salvato con successo: Video/uta-vs-bos-0022300479_3_01:18.mp4
2025-04-22 15:58:28,229 - INFO - [ThreadPoolExecutor-0_5] - Elaborazione di lac-vs-bos-0022300646_4_00:11 da https://www.nba.com//stats/events/?CFID=&CFPARAMS=&GameEventID=652&GameID=0022300646&Season=2023-24&flag=1&title=MISS%20Hyland%2013'%20Fadeaway%20Jumper
2025-04-22 15:58:30,381 - INFO - [ThreadPoolExecutor-0_4] - Video salvato con successo: Video/bos-vs-dal-0022300611_2_02:54.mp4
2025-04-22 15:58:30,733 - INFO - [ThreadPoolExecutor-0_4] - Elaborazione di lac-vs-bos-0022300646_4_01:06 da https://www.nba.com//stats/events/?CFID=&CFPARAMS=&GameEventID=641&GameID=0022300646&Season=2023-24&flag=1&title=Brissett%201'%20Driving%20Dunk%20(5%20PTS)%20(Banton%202%20AST)
2025-04-22 15:58:31,283 - INFO - [ThreadPoolExecutor-0_3] - Video salvato con successo: Video/den-vs-bos-0022300586_2_08:26.mp4
2025-04-22 15:58:31,493 - INFO - [ThreadPoolExecutor-0_1] - Video salvato con successo: Video/bos-vs-dal-0022300611_2_08:02.mp4
2025-04-22 15:58:31,605 - INFO - [ThreadPoolExecutor-0_3] - Elaborazione di nop-vs-bos-0022300659_2_07:27 da https://www.nba.com//stats/events/?CFID=&CFPARAMS=&GameEventID=206&GameID=0022300659&Season=2023-24&flag=1&title=MISS%20Hauser%2027'%203PT%20Jump%20Shot
2025-04-22 15:58:31,865 - INFO - [ThreadPoolExecutor-0_1] - Elaborazione di nop-vs-bos-0022300659_2_02:39 da https://www.nba.com//stats/events/?CFID=&CFPARAMS=&GameEventID=270&GameID=0022300659&Season=2023-24&flag=1&title=Nance%20Jr.%2025'%203PT%20Jump%20Shot%20(3%20PTS)%20(Ingram%202%20AST)
2025-04-22 15:58:32,234 - INFO - [ThreadPoolExecutor-0_0] - Video salvato con successo: Video/lac-vs-bos-0022300646_2_04:08.mp4
2025-04-22 15:58:32,555 - INFO - [ThreadPoolExecutor-0_0] - Elaborazione di nop-vs-bos-0022300659_3_07:47 da https://www.nba.com//stats/events/?CFID=&CFPARAMS=&GameEventID=343&GameID=0022300659&Season=2023-24&flag=1&title=MISS%20McCollum%2027'%203PT%20Jump%20Shot
2025-04-22 15:58:33,325 - INFO - [ThreadPoolExecutor-0_6] - Video salvato con successo: Video/bos-vs-mia-0022300630_1_00:25.mp4
2025-04-22 15:58:33,438 - INFO - [ThreadPoolExecutor-0_7] - Video salvato con successo: Video/bos-vs-dal-0022300611_2_08:39.mp4
2025-04-22 15:58:33,722 - INFO - [ThreadPoolExecutor-0_6] - Elaborazione di ind-vs-bos-0022300670_4_10:16 da https://www.nba.com//stats/events/?CFID=&CFPARAMS=&GameEventID=533&GameID=0022300670&Season=2023-24&flag=1&title=Holiday%2025'%203PT%20Running%20Pull-Up%20Jump%20Shot%20(13%20PTS)
2025-04-22 15:58:33,853 - INFO - [ThreadPoolExecutor-0_7] - Elaborazione di lal-vs-bos-0022300684_2_04:17 da https://www.nba.com//stats/events/?CFID=&CFPARAMS=&GameEventID=278&GameID=0022300684&Season=2023-24&flag=1&title=Vanderbilt%2025'%203PT%20Jump%20Shot%20(7%20PTS)%20(Reaves%203%20AST)
2025-04-22 15:58:36,562 - INFO - [ThreadPoolExecutor-0_4] - Video salvato con successo: Video/lac-vs-bos-0022300646_4_01:06.mp4
2025-04-22 15:58:36,732 - INFO - [ThreadPoolExecutor-0_0] - Video salvato con successo: Video/nop-vs-bos-0022300659_3_07:47.mp4
2025-04-22 15:58:36,952 - INFO - [ThreadPoolExecutor-0_4] - Elaborazione di mem-vs-bos-0022300706_2_01:30 da https://www.nba.com//stats/events/?CFID=&CFPARAMS=&GameEventID=296&GameID=0022300706&Season=2023-24&flag=1&title=Porzingis%203'%20Cutting%20Dunk%20Shot%20(17%20PTS)%20(Tatum%204%20AST)
2025-04-22 15:58:37,165 - INFO - [ThreadPoolExecutor-0_0] - Elaborazione di mem-vs-bos-0022300706_2_02:14 da https://www.nba.com//stats/events/?CFID=&CFPARAMS=&GameEventID=283&GameID=0022300706&Season=2023-24&flag=1&title=MISS%20Roddy%2026'%203PT%20Pullup%20Jump%20Shot
2025-04-22 15:58:38,072 - INFO - [ThreadPoolExecutor-0_2] - Video salvato con successo: Video/bos-vs-hou-0022300603_4_01:25.mp4
2025-04-22 15:58:38,358 - INFO - [ThreadPoolExecutor-0_6] - Video salvato con successo: Video/ind-vs-bos-0022300670_4_10:16.mp4
2025-04-22 15:58:38,396 - INFO - [ThreadPoolExecutor-0_2] - Elaborazione di mem-vs-bos-0022300706_2_00:39 da https://www.nba.com//stats/events/?CFID=&CFPARAMS=&GameEventID=306&GameID=0022300706&Season=2023-24&flag=1&title=Tatum%2026'%203PT%20Step%20Back%20Jump%20Shot%20(20%20PTS)
2025-04-22 15:58:38,733 - INFO - [ThreadPoolExecutor-0_6] - Elaborazione di mem-vs-bos-0022300706_3_11:31 da https://www.nba.com//stats/events/?CFID=&CFPARAMS=&GameEventID=321&GameID=0022300706&Season=2023-24&flag=1&title=MISS%20White%2028'%203PT%20Jump%20Shot
2025-04-22 15:58:39,259 - INFO - [ThreadPoolExecutor-0_3] - Video salvato con successo: Video/nop-vs-bos-0022300659_2_07:27.mp4
2025-04-22 15:58:39,647 - INFO - [ThreadPoolExecutor-0_3] - Elaborazione di mem-vs-bos-0022300706_3_11:00 da https://www.nba.com//stats/events/?CFID=&CFPARAMS=&GameEventID=327&GameID=0022300706&Season=2023-24&flag=1&title=MISS%20Porzingis%2015'%20Step%20Back%20Jump%20Shot
2025-04-22 15:58:40,038 - INFO - [ThreadPoolExecutor-0_5] - Video salvato con successo: Video/lac-vs-bos-0022300646_4_00:11.mp4
2025-04-22 15:58:40,215 - INFO - [ThreadPoolExecutor-0_1] - Video salvato con successo: Video/nop-vs-bos-0022300659_2_02:39.mp4
2025-04-22 15:58:40,485 - INFO - [ThreadPoolExecutor-0_5] - Elaborazione di mem-vs-bos-0022300706_3_09:16 da https://www.nba.com//stats/events/?CFID=&CFPARAMS=&GameEventID=350&GameID=0022300706&Season=2023-24&flag=1&title=MISS%20Gilyard%2030'%203PT%20Pullup%20Jump%20Shot
2025-04-22 15:58:40,665 - INFO - [ThreadPoolExecutor-0_1] - Elaborazione di mem-vs-bos-0022300706_3_09:02 da https://www.nba.com//stats/events/?CFID=&CFPARAMS=&GameEventID=352&GameID=0022300706&Season=2023-24&flag=1&title=Porzingis%201'%20Cutting%20Dunk%20Shot%20(19%20PTS)%20(White%203%20AST)
2025-04-22 15:58:43,529 - INFO - [ThreadPoolExecutor-0_6] - Video salvato con successo: Video/mem-vs-bos-0022300706_3_11:31.mp4
2025-04-22 15:58:43,849 - INFO - [ThreadPoolExecutor-0_6] - Elaborazione di mem-vs-bos-0022300706_3_05:09 da https://www.nba.com//stats/events/?CFID=&CFPARAMS=&GameEventID=381&GameID=0022300706&Season=2023-24&flag=1&title=MISS%20Evbuomwan%2024'%203PT%20Jump%20Shot
2025-04-22 15:58:44,143 - INFO - [ThreadPoolExecutor-0_4] - Video salvato con successo: Video/mem-vs-bos-0022300706_2_01:30.mp4
2025-04-22 15:58:44,433 - INFO - [ThreadPoolExecutor-0_0] - Video salvato con successo: Video/mem-vs-bos-0022300706_2_02:14.mp4
2025-04-22 15:58:44,467 - INFO - [ThreadPoolExecutor-0_4] - Elaborazione di mem-vs-bos-0022300706_3_05:33 da https://www.nba.com//stats/events/?CFID=&CFPARAMS=&GameEventID=379&GameID=0022300706&Season=2023-24&flag=1&title=Porzingis%204'%20Turnaround%20Jump%20Shot%20(21%20PTS)%20(Tatum%206%20AST)
2025-04-22 15:58:44,755 - INFO - [ThreadPoolExecutor-0_7] - Video salvato con successo: Video/lal-vs-bos-0022300684_2_04:17.mp4
2025-04-22 15:58:44,798 - INFO - [ThreadPoolExecutor-0_0] - Elaborazione di mem-vs-bos-0022300706_3_06:50 da https://www.nba.com//stats/events/?CFID=&CFPARAMS=&GameEventID=368&GameID=0022300706&Season=2023-24&flag=1&title=Gilyard%2026'%203PT%20Jump%20Shot%20(13%20PTS)%20(Evbuomwan%202%20AST)
2025-04-22 15:58:45,088 - INFO - [ThreadPoolExecutor-0_2] - Video salvato con successo: Video/mem-vs-bos-0022300706_2_00:39.mp4
2025-04-22 15:58:45,120 - INFO - [ThreadPoolExecutor-0_7] - Elaborazione di mem-vs-bos-0022300706_3_05:53 da https://www.nba.com//stats/events/?CFID=&CFPARAMS=&GameEventID=378&GameID=0022300706&Season=2023-24&flag=1&title=Jackson%204'%20Running%20Dunk%20(13%20PTS)
2025-04-22 15:58:45,934 - INFO - [ThreadPoolExecutor-0_3] - Video salvato con successo: Video/mem-vs-bos-0022300706_3_11:00.mp4
2025-04-22 15:58:46,388 - INFO - [ThreadPoolExecutor-0_3] - Elaborazione di mem-vs-bos-0022300706_3_03:28 da https://www.nba.com//stats/events/?CFID=&CFPARAMS=&GameEventID=415&GameID=0022300706&Season=2023-24&flag=1&title=Pippen%20Jr.%2027'%203PT%20Step%20Back%20Jump%20Shot%20(12%20PTS)
2025-04-22 15:58:46,534 - INFO - [ThreadPoolExecutor-0_2] - Elaborazione di mem-vs-bos-0022300706_3_03:04 da https://www.nba.com//stats/events/?CFID=&CFPARAMS=&GameEventID=418&GameID=0022300706&Season=2023-24&flag=1&title=Jackson%203PT%20Jump%20Shot%20(16%20PTS)%20(Pippen%20Jr.%203%20AST)
2025-04-22 15:58:47,236 - INFO - [ThreadPoolExecutor-0_5] - Video salvato con successo: Video/mem-vs-bos-0022300706_3_09:16.mp4
2025-04-22 15:58:47,579 - INFO - [ThreadPoolExecutor-0_5] - Elaborazione di mem-vs-bos-0022300706_3_01:53 da https://www.nba.com//stats/events/?CFID=&CFPARAMS=&GameEventID=427&GameID=0022300706&Season=2023-24&flag=1&title=Tatum%201'%20Running%20Dunk%20(34%20PTS)
2025-04-22 15:58:48,793 - INFO - [ThreadPoolExecutor-0_1] - Video salvato con successo: Video/mem-vs-bos-0022300706_3_09:02.mp4
2025-04-22 15:58:48,860 - INFO - [ThreadPoolExecutor-0_0] - Video salvato con successo: Video/mem-vs-bos-0022300706_3_06:50.mp4
2025-04-22 15:58:49,190 - INFO - [ThreadPoolExecutor-0_1] - Elaborazione di mem-vs-bos-0022300706_3_02:11 da https://www.nba.com//stats/events/?CFID=&CFPARAMS=&GameEventID=423&GameID=0022300706&Season=2023-24&flag=1&title=White%2026'%203PT%20Jump%20Shot%20(15%20PTS)%20(Porzingis%202%20AST)
2025-04-22 15:58:49,278 - INFO - [ThreadPoolExecutor-0_0] - Elaborazione di mem-vs-bos-0022300706_3_02:49 da https://www.nba.com//stats/events/?CFID=&CFPARAMS=&GameEventID=420&GameID=0022300706&Season=2023-24&flag=1&title=MISS%20Tatum%2026'%203PT%20Pullup%20Jump%20Shot
2025-04-22 15:58:49,699 - INFO - [ThreadPoolExecutor-0_4] - Video salvato con successo: Video/mem-vs-bos-0022300706_3_05:33.mp4
2025-04-22 15:58:50,081 - INFO - [ThreadPoolExecutor-0_4] - Elaborazione di mem-vs-bos-0022300706_3_00:57 da https://www.nba.com//stats/events/?CFID=&CFPARAMS=&GameEventID=441&GameID=0022300706&Season=2023-24&flag=1&title=MISS%20Jackson%2019'%20Pullup%20Jump%20Shot
2025-04-22 15:58:50,094 - INFO - [ThreadPoolExecutor-0_6] - Video salvato con successo: Video/mem-vs-bos-0022300706_3_05:09.mp4
2025-04-22 15:58:50,488 - INFO - [ThreadPoolExecutor-0_6] - Elaborazione di mem-vs-bos-0022300706_3_00:48 da https://www.nba.com//stats/events/?CFID=&CFPARAMS=&GameEventID=443&GameID=0022300706&Season=2023-24&flag=1&title=MISS%20Porzingis%203'%20Alley%20Oop%20Layup
2025-04-22 15:58:51,824 - INFO - [ThreadPoolExecutor-0_3] - Video salvato con successo: Video/mem-vs-bos-0022300706_3_03:28.mp4
2025-04-22 15:58:52,006 - INFO - [ThreadPoolExecutor-0_7] - Video salvato con successo: Video/mem-vs-bos-0022300706_3_05:53.mp4
2025-04-22 15:58:52,177 - INFO - [ThreadPoolExecutor-0_3] - Elaborazione di mem-vs-bos-0022300706_3_00:28 da https://www.nba.com//stats/events/?CFID=&CFPARAMS=&GameEventID=453&GameID=0022300706&Season=2023-24&flag=1&title=MISS%20Tatum%2023'%20Pullup%20Jump%20Shot
2025-04-22 15:58:52,395 - INFO - [ThreadPoolExecutor-0_7] - Elaborazione di mem-vs-bos-0022300706_4_09:57 da https://www.nba.com//stats/events/?CFID=&CFPARAMS=&GameEventID=502&GameID=0022300706&Season=2023-24&flag=1&title=Kennard%2015'%20Pullup%20Jump%20Shot%20(11%20PTS)
2025-04-22 15:58:54,611 - INFO - [ThreadPoolExecutor-0_5] - Video salvato con successo: Video/mem-vs-bos-0022300706_3_01:53.mp4
2025-04-22 15:58:54,987 - INFO - [ThreadPoolExecutor-0_5] - Elaborazione di mem-vs-bos-0022300706_4_07:51 da https://www.nba.com//stats/events/?CFID=&CFPARAMS=&GameEventID=531&GameID=0022300706&Season=2023-24&flag=1&title=Pippen%20Jr.%206'%20Pullup%20Jump%20Shot%20(15%20PTS)
2025-04-22 15:58:55,017 - INFO - [ThreadPoolExecutor-0_2] - Video salvato con successo: Video/mem-vs-bos-0022300706_3_03:04.mp4
2025-04-22 15:58:55,346 - INFO - [ThreadPoolExecutor-0_2] - Elaborazione di mem-vs-bos-0022300706_4_08:10 da https://www.nba.com//stats/events/?CFID=&CFPARAMS=&GameEventID=527&GameID=0022300706&Season=2023-24&flag=1&title=MISS%20Jackson%2027'%203PT%20Jump%20Shot
2025-04-22 15:58:55,774 - INFO - [ThreadPoolExecutor-0_4] - Video salvato con successo: Video/mem-vs-bos-0022300706_3_00:57.mp4
2025-04-22 15:58:56,132 - INFO - [ThreadPoolExecutor-0_4] - Elaborazione di mem-vs-bos-0022300706_4_04:27 da https://www.nba.com//stats/events/?CFID=&CFPARAMS=&GameEventID=580&GameID=0022300706&Season=2023-24&flag=1&title=MISS%20Hurt%2024'%203PT%20Jump%20Shot
2025-04-22 15:58:56,806 - INFO - [ThreadPoolExecutor-0_6] - Video salvato con successo: Video/mem-vs-bos-0022300706_3_00:48.mp4
2025-04-22 15:58:57,184 - INFO - [ThreadPoolExecutor-0_6] - Elaborazione di was-vs-bos-0022300743_2_10:51 da https://www.nba.com//stats/events/?CFID=&CFPARAMS=&GameEventID=183&GameID=0022300743&Season=2023-24&flag=1&title=Tatum%2017'%20Jump%20Shot%20(7%20PTS)%20(Holiday%203%20AST)
2025-04-22 15:58:57,360 - INFO - [ThreadPoolExecutor-0_0] - Video salvato con successo: Video/mem-vs-bos-0022300706_3_02:49.mp4
2025-04-22 15:58:57,649 - INFO - [ThreadPoolExecutor-0_3] - Video salvato con successo: Video/mem-vs-bos-0022300706_3_00:28.mp4
2025-04-22 15:58:57,759 - INFO - [ThreadPoolExecutor-0_1] - Video salvato con successo: Video/mem-vs-bos-0022300706_3_02:11.mp4
2025-04-22 15:58:57,761 - INFO - [ThreadPoolExecutor-0_0] - Elaborazione di was-vs-bos-0022300743_3_07:17 da https://www.nba.com//stats/events/?CFID=&CFPARAMS=&GameEventID=400&GameID=0022300743&Season=2023-24&flag=1&title=MISS%20Tatum%204'%20Pullup%20Jump%20Shot
2025-04-22 15:58:58,061 - INFO - [ThreadPoolExecutor-0_3] - Elaborazione di was-vs-bos-0022300743_4_10:02 da https://www.nba.com//stats/events/?CFID=&CFPARAMS=&GameEventID=528&GameID=0022300743&Season=2023-24&flag=1&title=Kispert%209'%20Driving%20Floating%20Jump%20Shot%20(18%20PTS)%20(Jones%205%20AST)
2025-04-22 15:58:58,182 - INFO - [ThreadPoolExecutor-0_1] - Elaborazione di bos-vs-mia-0022300759_1_05:28 da https://www.nba.com//stats/events/?CFID=&CFPARAMS=&GameEventID=64&GameID=0022300759&Season=2023-24&flag=1&title=MISS%20Rozier%2014'%20Pullup%20Jump%20Shot
2025-04-22 15:58:58,231 - INFO - [ThreadPoolExecutor-0_7] - Video salvato con successo: Video/mem-vs-bos-0022300706_4_09:57.mp4
2025-04-22 15:58:58,589 - INFO - [ThreadPoolExecutor-0_7] - Elaborazione di bkn-vs-bos-0022300780_2_03:03 da https://www.nba.com//stats/events/?CFID=&CFPARAMS=&GameEventID=242&GameID=0022300780&Season=2023-24&flag=1&title=MISS%20Pritchard%2026'%203PT%20Jump%20Shot
2025-04-22 15:58:59,606 - INFO - [ThreadPoolExecutor-0_5] - Video salvato con successo: Video/mem-vs-bos-0022300706_4_07:51.mp4
2025-04-22 15:59:00,046 - INFO - [ThreadPoolExecutor-0_4] - Video salvato con successo: Video/mem-vs-bos-0022300706_4_04:27.mp4
2025-04-22 15:59:00,166 - INFO - [ThreadPoolExecutor-0_5] - Elaborazione di bkn-vs-bos-0022300780_3_09:01 da https://www.nba.com//stats/events/?CFID=&CFPARAMS=&GameEventID=323&GameID=0022300780&Season=2023-24&flag=1&title=MISS%20Tatum%203PT%20Jump%20Shot
2025-04-22 15:59:00,530 - INFO - [ThreadPoolExecutor-0_4] - Elaborazione di bkn-vs-bos-0022300780_3_08:25 da https://www.nba.com//stats/events/?CFID=&CFPARAMS=&GameEventID=328&GameID=0022300780&Season=2023-24&flag=1&title=MISS%20Hauser%203PT%20Jump%20Shot
2025-04-22 15:59:00,775 - INFO - [ThreadPoolExecutor-0_6] - Video salvato con successo: Video/was-vs-bos-0022300743_2_10:51.mp4
2025-04-22 15:59:01,215 - INFO - [ThreadPoolExecutor-0_6] - Elaborazione di bos-vs-chi-0022300797_2_03:06 da https://www.nba.com//stats/events/?CFID=&CFPARAMS=&GameEventID=294&GameID=0022300797&Season=2023-24&flag=1&title=Brown%2026'%203PT%20Step%20Back%20Jump%20Shot%20(15%20PTS)
2025-04-22 15:59:01,266 - INFO - [ThreadPoolExecutor-0_2] - Video salvato con successo: Video/mem-vs-bos-0022300706_4_08:10.mp4
2025-04-22 15:59:02,018 - INFO - [ThreadPoolExecutor-0_0] - Video salvato con successo: Video/was-vs-bos-0022300743_3_07:17.mp4
2025-04-22 15:59:02,418 - INFO - [ThreadPoolExecutor-0_0] - Elaborazione di bos-vs-chi-0022300797_4_00:40 da https://www.nba.com//stats/events/?CFID=&CFPARAMS=&GameEventID=643&GameID=0022300797&Season=2023-24&flag=1&title=Mykhailiuk%2026'%203PT%20Step%20Back%20Jump%20Shot%20(3%20PTS)%20(Pritchard%201%20AST)
2025-04-22 15:59:02,718 - INFO - [ThreadPoolExecutor-0_2] - Elaborazione di bos-vs-nyk-0022300816_3_06:09 da https://www.nba.com//stats/events/?CFID=&CFPARAMS=&GameEventID=330&GameID=0022300816&Season=2023-24&flag=1&title=Hart%202'%20Driving%20Reverse%20Layup%20(12%20PTS)%20(Brunson%205%20AST)
2025-04-22 15:59:05,783 - INFO - [ThreadPoolExecutor-0_1] - Video salvato con successo: Video/bos-vs-mia-0022300759_1_05:28.mp4
2025-04-22 15:59:06,113 - INFO - [ThreadPoolExecutor-0_4] - Video salvato con successo: Video/bkn-vs-bos-0022300780_3_08:25.mp4
2025-04-22 15:59:06,118 - INFO - [ThreadPoolExecutor-0_1] - Elaborazione di phi-vs-bos-0022300836_4_06:57 da https://www.nba.com//stats/events/?CFID=&CFPARAMS=&GameEventID=534&GameID=0022300836&Season=2023-24&flag=1&title=MISS%20Tatum%2028'%203PT%20Pullup%20Jump%20Shot
2025-04-22 15:59:06,286 - INFO - [ThreadPoolExecutor-0_6] - Video salvato con successo: Video/bos-vs-chi-0022300797_2_03:06.mp4
2025-04-22 15:59:06,468 - INFO - [ThreadPoolExecutor-0_4] - Elaborazione di dal-vs-bos-0022300859_1_04:28 da https://www.nba.com//stats/events/?CFID=&CFPARAMS=&GameEventID=105&GameID=0022300859&Season=2023-24&flag=1&title=MISS%20Tatum%203'%20Driving%20Layup
2025-04-22 15:59:06,501 - INFO - [ThreadPoolExecutor-0_5] - Video salvato con successo: Video/bkn-vs-bos-0022300780_3_09:01.mp4
2025-04-22 15:59:06,622 - INFO - [ThreadPoolExecutor-0_7] - Video salvato con successo: Video/bkn-vs-bos-0022300780_2_03:03.mp4
2025-04-22 15:59:06,703 - INFO - [ThreadPoolExecutor-0_6] - Elaborazione di dal-vs-bos-0022300859_2_03:41 da https://www.nba.com//stats/events/?CFID=&CFPARAMS=&GameEventID=266&GameID=0022300859&Season=2023-24&flag=1&title=MISS%20Exum%203'%20Running%20Finger%20Roll%20Layup
2025-04-22 15:59:06,866 - INFO - [ThreadPoolExecutor-0_5] - Elaborazione di gsw-vs-bos-0022300872_1_05:34 da https://www.nba.com//stats/events/?CFID=&CFPARAMS=&GameEventID=86&GameID=0022300872&Season=2023-24&flag=1&title=MISS%20Payton%20II%201'%20Cutting%20Layup%20Shot
2025-04-22 15:59:06,991 - INFO - [ThreadPoolExecutor-0_3] - Video salvato con successo: Video/was-vs-bos-0022300743_4_10:02.mp4
2025-04-22 15:59:07,001 - INFO - [ThreadPoolExecutor-0_7] - Elaborazione di gsw-vs-bos-0022300872_1_05:29 da https://www.nba.com//stats/events/?CFID=&CFPARAMS=&GameEventID=89&GameID=0022300872&Season=2023-24&flag=1&title=Brown%2026'%203PT%20Running%20Pull-Up%20Jump%20Shot%20(16%20PTS)
2025-04-22 15:59:07,358 - INFO - [ThreadPoolExecutor-0_3] - Elaborazione di gsw-vs-bos-0022300872_4_10:15 da https://www.nba.com//stats/events/?CFID=&CFPARAMS=&GameEventID=495&GameID=0022300872&Season=2023-24&flag=1&title=Hauser%2027'%203PT%20Running%20Pull-Up%20Jump%20Shot%20(12%20PTS)%20(Brissett%202%20AST)
2025-04-22 15:59:07,539 - INFO - [ThreadPoolExecutor-0_2] - Video salvato con successo: Video/bos-vs-nyk-0022300816_3_06:09.mp4
2025-04-22 15:59:08,053 - INFO - [ThreadPoolExecutor-0_2] - Elaborazione di bos-vs-cle-0022300886_3_02:56 da https://www.nba.com//stats/events/?CFID=&CFPARAMS=&GameEventID=422&GameID=0022300886&Season=2023-24&flag=1&title=MISS%20Garland%2024'%203PT%20Step%20Back%20Jump%20Shot
2025-04-22 15:59:08,297 - INFO - [ThreadPoolExecutor-0_0] - Video salvato con successo: Video/bos-vs-chi-0022300797_4_00:40.mp4
2025-04-22 15:59:08,769 - INFO - [ThreadPoolExecutor-0_0] - Elaborazione di bos-vs-den-0022300906_2_02:44 da https://www.nba.com//stats/events/?CFID=&CFPARAMS=&GameEventID=316&GameID=0022300906&Season=2023-24&flag=1&title=MISS%20Jokic%204'%20Turnaround%20Hook%20Shot
2025-04-22 15:59:10,356 - INFO - [ThreadPoolExecutor-0_1] - Video salvato con successo: Video/phi-vs-bos-0022300836_4_06:57.mp4
2025-04-22 15:59:10,746 - INFO - [ThreadPoolExecutor-0_1] - Elaborazione di bos-vs-den-0022300906_4_03:54 da https://www.nba.com//stats/events/?CFID=&CFPARAMS=&GameEventID=629&GameID=0022300906&Season=2023-24&flag=1&title=Jokic%208'%20Turnaround%20Jump%20Shot%20(30%20PTS)%20(Murray%208%20AST)
2025-04-22 15:59:13,339 - INFO - [ThreadPoolExecutor-0_6] - Video salvato con successo: Video/dal-vs-bos-0022300859_2_03:41.mp4
2025-04-22 15:59:13,343 - INFO - [ThreadPoolExecutor-0_2] - Video salvato con successo: Video/bos-vs-cle-0022300886_3_02:56.mp4
2025-04-22 15:59:13,701 - INFO - [ThreadPoolExecutor-0_6] - Elaborazione di bos-vs-den-0022300906_4_00:03 da https://www.nba.com//stats/events/?CFID=&CFPARAMS=&GameEventID=685&GameID=0022300906&Season=2023-24&flag=1&title=MISS%20Brown%2026'%203PT%20Jump%20Shot
2025-04-22 15:59:13,720 - INFO - [ThreadPoolExecutor-0_2] - Elaborazione di bos-vs-phx-0022300920_2_00:56 da https://www.nba.com//stats/events/?CFID=&CFPARAMS=&GameEventID=287&GameID=0022300920&Season=2023-24&flag=1&title=Brown%2025'%203PT%20Jump%20Shot%20(18%20PTS)%20(Tatum%204%20AST)
2025-04-22 15:59:14,000 - INFO - [ThreadPoolExecutor-0_4] - Video salvato con successo: Video/dal-vs-bos-0022300859_1_04:28.mp4
2025-04-22 15:59:14,312 - INFO - [ThreadPoolExecutor-0_4] - Elaborazione di bos-vs-phx-0022300920_2_01:31 da https://www.nba.com//stats/events/?CFID=&CFPARAMS=&GameEventID=279&GameID=0022300920&Season=2023-24&flag=1&title=Brown%204'%20Driving%20Hook%20Shot%20(15%20PTS)
2025-04-22 15:59:14,414 - INFO - [ThreadPoolExecutor-0_3] - Video salvato con successo: Video/gsw-vs-bos-0022300872_4_10:15.mp4
2025-04-22 15:59:14,742 - INFO - [ThreadPoolExecutor-0_3] - Elaborazione di bos-vs-por-0022300938_2_07:07 da https://www.nba.com//stats/events/?CFID=&CFPARAMS=&GameEventID=223&GameID=0022300938&Season=2023-24&flag=1&title=Ayton%2017'%20Jump%20Shot%20(8%20PTS)%20(Simons%201%20AST)
2025-04-22 15:59:14,826 - INFO - [ThreadPoolExecutor-0_5] - Video salvato con successo: Video/gsw-vs-bos-0022300872_1_05:34.mp4
2025-04-22 15:59:15,048 - INFO - [ThreadPoolExecutor-0_1] - Video salvato con successo: Video/bos-vs-den-0022300906_4_03:54.mp4
2025-04-22 15:59:15,150 - INFO - [ThreadPoolExecutor-0_7] - Video salvato con successo: Video/gsw-vs-bos-0022300872_1_05:29.mp4
2025-04-22 15:59:15,198 - INFO - [ThreadPoolExecutor-0_5] - Elaborazione di bos-vs-por-0022300938_2_08:06 da https://www.nba.com//stats/events/?CFID=&CFPARAMS=&GameEventID=203&GameID=0022300938&Season=2023-24&flag=1&title=MISS%20Reath%2010'%20Driving%20Floating%20Bank%20Jump%20Shot
2025-04-22 15:59:15,550 - INFO - [ThreadPoolExecutor-0_1] - Elaborazione di bos-vs-uta-0022300943_3_10:52 da https://www.nba.com//stats/events/?CFID=&CFPARAMS=&GameEventID=322&GameID=0022300943&Season=2023-24&flag=1&title=Sexton%208'%20Driving%20Layup%20(10%20PTS)%20(George%203%20AST)
2025-04-22 15:59:15,554 - INFO - [ThreadPoolExecutor-0_7] - Elaborazione di bos-vs-uta-0022300943_3_03:44 da https://www.nba.com//stats/events/?CFID=&CFPARAMS=&GameEventID=410&GameID=0022300943&Season=2023-24&flag=1&title=Sensabaugh%2014'%20Pullup%20Jump%20Shot%20(2%20PTS)%20(Sexton%205%20AST)
2025-04-22 15:59:16,615 - INFO - [ThreadPoolExecutor-0_0] - Video salvato con successo: Video/bos-vs-den-0022300906_2_02:44.mp4
2025-04-22 15:59:17,176 - INFO - [ThreadPoolExecutor-0_0] - Elaborazione di bos-vs-uta-0022300943_4_05:11 da https://www.nba.com//stats/events/?CFID=&CFPARAMS=&GameEventID=541&GameID=0022300943&Season=2023-24&flag=1&title=MISS%20Hauser%2025'%203PT%20Jump%20Shot
2025-04-22 15:59:18,004 - INFO - [ThreadPoolExecutor-0_2] - Video salvato con successo: Video/bos-vs-phx-0022300920_2_00:56.mp4
2025-04-22 15:59:18,384 - INFO - [ThreadPoolExecutor-0_2] - Elaborazione di phx-vs-bos-0022300955_3_01:02 da https://www.nba.com//stats/events/?CFID=&CFPARAMS=&GameEventID=439&GameID=0022300955&Season=2023-24&flag=1&title=Booker%2028'%203PT%20Pullup%20Jump%20Shot%20(13%20PTS)
2025-04-22 15:59:19,212 - INFO - [ThreadPoolExecutor-0_4] - Video salvato con successo: Video/bos-vs-phx-0022300920_2_01:31.mp4
2025-04-22 15:59:19,519 - INFO - [ThreadPoolExecutor-0_4] - Elaborazione di phx-vs-bos-0022300955_3_00:53 da https://www.nba.com//stats/events/?CFID=&CFPARAMS=&GameEventID=449&GameID=0022300955&Season=2023-24&flag=1&title=Hauser%2025'%203PT%20Jump%20Shot%20(6%20PTS)%20(Tatum%204%20AST)
2025-04-22 15:59:20,388 - INFO - [ThreadPoolExecutor-0_3] - Video salvato con successo: Video/bos-vs-por-0022300938_2_07:07.mp4
2025-04-22 15:59:20,465 - INFO - [ThreadPoolExecutor-0_1] - Video salvato con successo: Video/bos-vs-uta-0022300943_3_10:52.mp4
2025-04-22 15:59:20,793 - INFO - [ThreadPoolExecutor-0_3] - Elaborazione di phx-vs-bos-0022300955_4_07:15 da https://www.nba.com//stats/events/?CFID=&CFPARAMS=&GameEventID=514&GameID=0022300955&Season=2023-24&flag=1&title=MISS%20White%2027'%203PT%20Pullup%20Jump%20Shot
2025-04-22 15:59:20,890 - INFO - [ThreadPoolExecutor-0_1] - Elaborazione di det-vs-bos-0022300984_1_01:23 da https://www.nba.com//stats/events/?CFID=&CFPARAMS=&GameEventID=113&GameID=0022300984&Season=2023-24&flag=1&title=White%2026'%203PT%20Step%20Back%20Jump%20Shot%20(8%20PTS)
2025-04-22 15:59:21,494 - INFO - [ThreadPoolExecutor-0_0] - Video salvato con successo: Video/bos-vs-uta-0022300943_4_05:11.mp4
2025-04-22 15:59:21,887 - INFO - [ThreadPoolExecutor-0_0] - Elaborazione di det-vs-bos-0022300984_2_01:28 da https://www.nba.com//stats/events/?CFID=&CFPARAMS=&GameEventID=270&GameID=0022300984&Season=2023-24&flag=1&title=MISS%20Brown%2028'%203PT%20Jump%20Shot
2025-04-22 15:59:22,180 - INFO - [ThreadPoolExecutor-0_6] - Video salvato con successo: Video/bos-vs-den-0022300906_4_00:03.mp4
2025-04-22 15:59:22,347 - INFO - [ThreadPoolExecutor-0_5] - Video salvato con successo: Video/bos-vs-por-0022300938_2_08:06.mp4
2025-04-22 15:59:22,592 - INFO - [ThreadPoolExecutor-0_6] - Elaborazione di det-vs-bos-0022300984_4_05:16 da https://www.nba.com//stats/events/?CFID=&CFPARAMS=&GameEventID=522&GameID=0022300984&Season=2023-24&flag=1&title=Sasser%2010'%20Driving%20Floating%20Jump%20Shot%20(6%20PTS)%20(Ivey%204%20AST)
2025-04-22 15:59:22,773 - INFO - [ThreadPoolExecutor-0_5] - Elaborazione di mil-vs-bos-0022300998_1_04:18 da https://www.nba.com//stats/events/?CFID=&CFPARAMS=&GameEventID=91&GameID=0022300998&Season=2023-24&flag=1&title=Connaughton%20Tip%20Layup%20Shot%20(2%20PTS)
2025-04-22 15:59:22,927 - INFO - [ThreadPoolExecutor-0_7] - Video salvato con successo: Video/bos-vs-uta-0022300943_3_03:44.mp4
2025-04-22 15:59:23,314 - INFO - [ThreadPoolExecutor-0_7] - Elaborazione di bos-vs-det-0022301011_3_07:56 da https://www.nba.com//stats/events/?CFID=&CFPARAMS=&GameEventID=379&GameID=0022301011&Season=2023-24&flag=1&title=Pritchard%203'%20Driving%20Finger%20Roll%20Layup%20(20%20PTS)%20(White%206%20AST)
2025-04-22 15:59:23,631 - INFO - [ThreadPoolExecutor-0_4] - Video salvato con successo: Video/phx-vs-bos-0022300955_3_00:53.mp4
2025-04-22 15:59:24,030 - INFO - [ThreadPoolExecutor-0_4] - Elaborazione di bos-vs-atl-0022301060_4_09:23 da https://www.nba.com//stats/events/?CFID=&CFPARAMS=&GameEventID=499&GameID=0022301060&Season=2023-24&flag=1&title=MISS%20Tatum%2026'%203PT%20Pullup%20Jump%20Shot
2025-04-22 15:59:26,263 - INFO - [ThreadPoolExecutor-0_0] - Video salvato con successo: Video/det-vs-bos-0022300984_2_01:28.mp4
2025-04-22 15:59:26,633 - INFO - [ThreadPoolExecutor-0_0] - Elaborazione di bos-vs-cha-0022301087_4_04:23 da https://www.nba.com//stats/events/?CFID=&CFPARAMS=&GameEventID=533&GameID=0022301087&Season=2023-24&flag=1&title=Williams%2013'%20Pullup%20Jump%20Shot%20(21%20PTS)%20(Bridges%207%20AST)
2025-04-22 15:59:26,918 - INFO - [ThreadPoolExecutor-0_3] - Video salvato con successo: Video/phx-vs-bos-0022300955_4_07:15.mp4
2025-04-22 15:59:26,925 - INFO - [ThreadPoolExecutor-0_2] - Video salvato con successo: Video/phx-vs-bos-0022300955_3_01:02.mp4
2025-04-22 15:59:27,284 - INFO - [ThreadPoolExecutor-0_3] - Elaborazione di por-vs-bos-0022301134_2_09:47 da https://www.nba.com//stats/events/?CFID=&CFPARAMS=&GameEventID=186&GameID=0022301134&Season=2023-24&flag=1&title=Ayton%20Tip%20Dunk%20Shot%20(8%20PTS)
2025-04-22 15:59:27,298 - INFO - [ThreadPoolExecutor-0_2] - Elaborazione di bos-vs-mil-0022301148_3_06:49 da https://www.nba.com//stats/events/?CFID=&CFPARAMS=&GameEventID=353&GameID=0022301148&Season=2023-24&flag=1&title=MISS%20Middleton%2026'%203PT%20Jump%20Shot
2025-04-22 15:59:27,376 - INFO - [ThreadPoolExecutor-0_1] - Video salvato con successo: Video/det-vs-bos-0022300984_1_01:23.mp4
2025-04-22 15:59:27,696 - INFO - [ThreadPoolExecutor-0_1] - Elaborazione di nyk-vs-bos-0022301167_2_01:24 da https://www.nba.com//stats/events/?CFID=&CFPARAMS=&GameEventID=303&GameID=0022301167&Season=2023-24&flag=1&title=MISS%20Bogdanovic%2024'%203PT%20Jump%20Shot
2025-04-22 15:59:27,888 - INFO - [ThreadPoolExecutor-0_5] - Video salvato con successo: Video/mil-vs-bos-0022300998_1_04:18.mp4
2025-04-22 15:59:28,221 - INFO - [ThreadPoolExecutor-0_5] - Elaborazione di mia-vs-bos-0042300102_4_00:50 da https://www.nba.com//stats/events/?CFID=&CFPARAMS=&GameEventID=571&GameID=0042300102&Season=2023-24&flag=1&title=MISS%20White%2028'%203PT%20Running%20Jump%20Shot
2025-04-22 15:59:28,239 - INFO - [ThreadPoolExecutor-0_4] - Video salvato con successo: Video/bos-vs-atl-0022301060_4_09:23.mp4
2025-04-22 15:59:28,668 - INFO - [ThreadPoolExecutor-0_4] - Elaborazione di mia-vs-bos-0042300105_2_09:41 da https://www.nba.com//stats/events/?CFID=&CFPARAMS=&GameEventID=159&GameID=0042300105&Season=2023-24&flag=1&title=MISS%20Tatum%204'%20Driving%20Layup
2025-04-22 15:59:28,804 - INFO - [ThreadPoolExecutor-0_7] - Video salvato con successo: Video/bos-vs-det-0022301011_3_07:56.mp4
2025-04-22 15:59:29,139 - INFO - [ThreadPoolExecutor-0_6] - Video salvato con successo: Video/det-vs-bos-0022300984_4_05:16.mp4
2025-04-22 15:59:29,268 - INFO - [ThreadPoolExecutor-0_7] - Elaborazione di mia-vs-bos-0042300105_2_02:42 da https://www.nba.com//stats/events/?CFID=&CFPARAMS=&GameEventID=257&GameID=0042300105&Season=2023-24&flag=1&title=MISS%20Tatum%2016'%20Turnaround%20Fadeaway%20Shot
2025-04-22 15:59:29,649 - INFO - [ThreadPoolExecutor-0_6] - Elaborazione di cle-vs-bos-0042300201_1_05:32 da https://www.nba.com//stats/events/?CFID=&CFPARAMS=&GameEventID=72&GameID=0042300201&Season=2023-24&flag=1&title=Mitchell%2026'%203PT%20Running%20Pull-Up%20Jump%20Shot%20(10%20PTS)
2025-04-22 15:59:32,048 - INFO - [ThreadPoolExecutor-0_2] - Video salvato con successo: Video/bos-vs-mil-0022301148_3_06:49.mp4
2025-04-22 15:59:32,414 - INFO - [ThreadPoolExecutor-0_2] - Elaborazione di cle-vs-bos-0042300201_1_04:49 da https://www.nba.com//stats/events/?CFID=&CFPARAMS=&GameEventID=80&GameID=0042300201&Season=2023-24&flag=1&title=MISS%20Okoro%207'%20Driving%20Layup
2025-04-22 15:59:34,004 - INFO - [ThreadPoolExecutor-0_3] - Video salvato con successo: Video/por-vs-bos-0022301134_2_09:47.mp4
2025-04-22 15:59:34,157 - INFO - [ThreadPoolExecutor-0_0] - Video salvato con successo: Video/bos-vs-cha-0022301087_4_04:23.mp4
2025-04-22 15:59:34,232 - INFO - [ThreadPoolExecutor-0_7] - Video salvato con successo: Video/mia-vs-bos-0042300105_2_02:42.mp4
2025-04-22 15:59:34,414 - INFO - [ThreadPoolExecutor-0_3] - Elaborazione di cle-vs-bos-0042300201_2_07:05 da https://www.nba.com//stats/events/?CFID=&CFPARAMS=&GameEventID=235&GameID=0042300201&Season=2023-24&flag=1&title=Horford%201'%20Cutting%20Layup%20Shot%20(2%20PTS)%20(Holiday%202%20AST)
2025-04-22 15:59:34,600 - INFO - [ThreadPoolExecutor-0_0] - Elaborazione di cle-vs-bos-0042300201_2_06:44 da https://www.nba.com//stats/events/?CFID=&CFPARAMS=&GameEventID=239&GameID=0042300201&Season=2023-24&flag=1&title=MISS%20Brown%2015'%20Fadeaway%20Jumper
2025-04-22 15:59:34,696 - INFO - [ThreadPoolExecutor-0_7] - Elaborazione di cle-vs-bos-0042300202_1_03:23 da https://www.nba.com//stats/events/?CFID=&CFPARAMS=&GameEventID=94&GameID=0042300202&Season=2023-24&flag=1&title=Brown%2012'%20Driving%20Floating%20Bank%20Jump%20Shot%20(6%20PTS)
2025-04-22 15:59:34,875 - INFO - [ThreadPoolExecutor-0_6] - Video salvato con successo: Video/cle-vs-bos-0042300201_1_05:32.mp4
2025-04-22 15:59:35,106 - INFO - [ThreadPoolExecutor-0_1] - Video salvato con successo: Video/nyk-vs-bos-0022301167_2_01:24.mp4
2025-04-22 15:59:35,244 - INFO - [ThreadPoolExecutor-0_6] - Elaborazione di bos-vs-cle-0042300203_1_03:54 da https://www.nba.com//stats/events/?CFID=&CFPARAMS=&GameEventID=82&GameID=0042300203&Season=2023-24&flag=1&title=Wade%2026'%203PT%20Jump%20Shot%20(3%20PTS)%20(LeVert%201%20AST)
2025-04-22 15:59:35,335 - INFO - [ThreadPoolExecutor-0_5] - Video salvato con successo: Video/mia-vs-bos-0042300102_4_00:50.mp4
2025-04-22 15:59:35,471 - INFO - [ThreadPoolExecutor-0_1] - Elaborazione di bos-vs-cle-0042300203_2_09:39 da https://www.nba.com//stats/events/?CFID=&CFPARAMS=&GameEventID=164&GameID=0042300203&Season=2023-24&flag=1&title=Holiday%202'%20Driving%20Layup%20(10%20PTS)%20(White%202%20AST)
2025-04-22 15:59:35,718 - INFO - [ThreadPoolExecutor-0_5] - Elaborazione di bos-vs-cle-0042300204_3_07:06 da https://www.nba.com//stats/events/?CFID=&CFPARAMS=&GameEventID=368&GameID=0042300204&Season=2023-24&flag=1&title=MISS%20Okoro%2025'%203PT%20Jump%20Shot
2025-04-22 15:59:37,930 - INFO - [ThreadPoolExecutor-0_2] - Video salvato con successo: Video/cle-vs-bos-0042300201_1_04:49.mp4
2025-04-22 15:59:38,333 - INFO - [ThreadPoolExecutor-0_2] - Elaborazione di bos-vs-cle-0042300204_4_07:11 da https://www.nba.com//stats/events/?CFID=&CFPARAMS=&GameEventID=515&GameID=0042300204&Season=2023-24&flag=1&title=MISS%20Holiday%2027'%203PT%20Pullup%20Jump%20Shot
2025-04-22 15:59:40,199 - INFO - [ThreadPoolExecutor-0_6] - Video salvato con successo: Video/bos-vs-cle-0042300203_1_03:54.mp4
2025-04-22 15:59:40,424 - INFO - [ThreadPoolExecutor-0_3] - Video salvato con successo: Video/cle-vs-bos-0042300201_2_07:05.mp4
2025-04-22 15:59:40,536 - INFO - [ThreadPoolExecutor-0_6] - Elaborazione di ind-vs-bos-0042300301_2_02:55 da https://www.nba.com//stats/events/?CFID=&CFPARAMS=&GameEventID=276&GameID=0042300301&Season=2023-24&flag=1&title=MISS%20Brown%2015'%20Pullup%20Jump%20Shot
2025-04-22 15:59:40,780 - INFO - [ThreadPoolExecutor-0_3] - Elaborazione di cle-vs-bos-0042300205_1_08:37 da https://www.nba.com//stats/events/?CFID=&CFPARAMS=&GameEventID=46&GameID=0042300205&Season=2023-24&flag=1&title=MISS%20Tatum%2014'%20Turnaround%20Fadeaway%20Shot
2025-04-22 15:59:41,711 - INFO - [ThreadPoolExecutor-0_5] - Video salvato con successo: Video/bos-vs-cle-0042300204_3_07:06.mp4
2025-04-22 15:59:41,813 - INFO - [ThreadPoolExecutor-0_7] - Video salvato con successo: Video/cle-vs-bos-0042300202_1_03:23.mp4
2025-04-22 15:59:41,973 - INFO - [ThreadPoolExecutor-0_4] - Video salvato con successo: Video/mia-vs-bos-0042300105_2_09:41.mp4
2025-04-22 15:59:42,130 - INFO - [ThreadPoolExecutor-0_5] - Elaborazione di ind-vs-bos-0042300302_1_11:38 da https://www.nba.com//stats/events/?CFID=&CFPARAMS=&GameEventID=7&GameID=0042300302&Season=2023-24&flag=1&title=Siakam%201'%20Cutting%20Dunk%20Shot%20(2%20PTS)%20(Nembhard%201%20AST)
2025-04-22 15:59:42,196 - INFO - [ThreadPoolExecutor-0_7] - Elaborazione di ind-vs-bos-0042300302_3_00:42 da https://www.nba.com//stats/events/?CFID=&CFPARAMS=&GameEventID=461&GameID=0042300302&Season=2023-24&flag=1&title=MISS%20Tatum%2029'%203PT%20Pullup%20Jump%20Shot
2025-04-22 15:59:42,411 - INFO - [ThreadPoolExecutor-0_4] - Elaborazione di dal-vs-bos-0042300401_2_06:57 da https://www.nba.com//stats/events/?CFID=&CFPARAMS=&GameEventID=213&GameID=0042300401&Season=2023-24&flag=1&title=MISS%20Doncic%2027'%203PT%20Step%20Back%20Jump%20Shot
2025-04-22 15:59:42,546 - INFO - [ThreadPoolExecutor-0_0] - Video salvato con successo: Video/cle-vs-bos-0042300201_2_06:44.mp4
2025-04-22 15:59:42,666 - INFO - [ThreadPoolExecutor-0_1] - Video salvato con successo: Video/bos-vs-cle-0042300203_2_09:39.mp4
2025-04-22 15:59:42,885 - INFO - [ThreadPoolExecutor-0_0] - Elaborazione di dal-vs-bos-0042300401_4_07:30 da https://www.nba.com//stats/events/?CFID=&CFPARAMS=&GameEventID=532&GameID=0042300401&Season=2023-24&flag=1&title=Washington%203'%20Putback%20Layup%20(14%20PTS)
2025-04-22 15:59:43,033 - INFO - [ThreadPoolExecutor-0_1] - Elaborazione di dal-vs-bos-0042300402_4_00:55 da https://www.nba.com//stats/events/?CFID=&CFPARAMS=&GameEventID=624&GameID=0042300402&Season=2023-24&flag=1&title=MISS%20Tatum%203'%20Driving%20Dunk
2025-04-22 15:59:45,012 - INFO - [ThreadPoolExecutor-0_2] - Video salvato con successo: Video/bos-vs-cle-0042300204_4_07:11.mp4
2025-04-22 15:59:46,434 - INFO - [ThreadPoolExecutor-0_5] - Video salvato con successo: Video/ind-vs-bos-0042300302_1_11:38.mp4
2025-04-22 15:59:46,706 - INFO - [ThreadPoolExecutor-0_4] - Video salvato con successo: Video/dal-vs-bos-0042300401_2_06:57.mp4
2025-04-22 15:59:46,892 - INFO - [ThreadPoolExecutor-0_6] - Video salvato con successo: Video/ind-vs-bos-0042300301_2_02:55.mp4
2025-04-22 15:59:47,007 - INFO - [ThreadPoolExecutor-0_1] - Video salvato con successo: Video/dal-vs-bos-0042300402_4_00:55.mp4
2025-04-22 15:59:47,725 - INFO - [ThreadPoolExecutor-0_7] - Video salvato con successo: Video/ind-vs-bos-0042300302_3_00:42.mp4
2025-04-22 15:59:47,836 - INFO - [ThreadPoolExecutor-0_3] - Video salvato con successo: Video/cle-vs-bos-0042300205_1_08:37.mp4
2025-04-22 15:59:47,982 - INFO - [ThreadPoolExecutor-0_0] - Video salvato con successo: Video/dal-vs-bos-0042300401_4_07:30.mp4
2025-04-22 15:59:48,045 - INFO - [MainThread] - Elaborazione completata in 145.68 secondi
2025-04-22 15:59:48,045 - INFO - [MainThread] - Risultati: 166 video scaricati con successo, 0 falliti
2025-04-22 15:59:48,045 - INFO - [MainThread] - I risultati sono stati salvati in /home/diego/Documents/GitHub/NBA/Scraping_data/video_bos_download_results_1.json
2025-04-22 15:59:48,045 - INFO - [MainThread] - Script terminato
