2025-04-21 18:07:15,479 - INFO - Starting shot chart scraping process
2025-04-21 18:07:15,479 - INFO - Loaded 1323 game links
2025-04-21 18:07:15,480 - INFO - Found 101 Boston games to process
2025-04-21 18:07:15,480 - INFO - Processing game: bos-vs-nyk-0022300065
2025-04-21 18:07:15,480 - INFO - ====== WebDriver manager ======
2025-04-21 18:07:15,481 - INFO - Processing game: mia-vs-bos-0022300080
2025-04-21 18:07:15,481 - INFO - ====== WebDriver manager ======
2025-04-21 18:07:15,481 - INFO - Processing game: bos-vs-was-0022300103
2025-04-21 18:07:15,481 - INFO - Processing game: ind-vs-bos-0022300118
2025-04-21 18:07:15,482 - INFO - ====== WebDriver manager ======
2025-04-21 18:07:15,482 - INFO - Processing game: bos-vs-bkn-0022300136
2025-04-21 18:07:15,482 - INFO - ====== WebDriver manager ======
2025-04-21 18:07:15,483 - INFO - Processing game: bos-vs-min-0022300154
2025-04-21 18:07:15,483 - INFO - Processing game: bos-vs-phi-0022300159
2025-04-21 18:07:15,483 - INFO - ====== WebDriver manager ======
2025-04-21 18:07:15,484 - INFO - Processing game: bkn-vs-bos-0022300010
2025-04-21 18:07:15,485 - INFO - ====== WebDriver manager ======
2025-04-21 18:07:15,486 - INFO - ====== WebDriver manager ======
2025-04-21 18:07:15,486 - INFO - ====== WebDriver manager ======
2025-04-21 18:07:15,567 - INFO - Get LATEST chromedriver version for google-chrome
2025-04-21 18:07:15,570 - INFO - Get LATEST chromedriver version for google-chrome
2025-04-21 18:07:15,571 - INFO - Get LATEST chromedriver version for google-chrome
2025-04-21 18:07:15,571 - INFO - Get LATEST chromedriver version for google-chrome
2025-04-21 18:07:15,571 - INFO - Get LATEST chromedriver version for google-chrome
2025-04-21 18:07:15,575 - INFO - Get LATEST chromedriver version for google-chrome
2025-04-21 18:07:15,579 - INFO - Get LATEST chromedriver version for google-chrome
2025-04-21 18:07:15,580 - INFO - Get LATEST chromedriver version for google-chrome
2025-04-21 18:07:15,611 - INFO - Get LATEST chromedriver version for google-chrome
2025-04-21 18:07:15,618 - INFO - Get LATEST chromedriver version for google-chrome
2025-04-21 18:07:15,618 - INFO - Get LATEST chromedriver version for google-chrome
2025-04-21 18:07:15,619 - INFO - Get LATEST chromedriver version for google-chrome
2025-04-21 18:07:15,619 - INFO - Get LATEST chromedriver version for google-chrome
2025-04-21 18:07:15,624 - INFO - Get LATEST chromedriver version for google-chrome
2025-04-21 18:07:15,624 - INFO - Get LATEST chromedriver version for google-chrome
2025-04-21 18:07:15,625 - INFO - Get LATEST chromedriver version for google-chrome
2025-04-21 18:07:15,658 - INFO - Driver [/home/diego/.wdm/drivers/chromedriver/linux64/135.0.7049.95/chromedriver-linux64/chromedriver] found in cache
2025-04-21 18:07:15,666 - INFO - Driver [/home/diego/.wdm/drivers/chromedriver/linux64/135.0.7049.95/chromedriver-linux64/chromedriver] found in cache
2025-04-21 18:07:15,666 - INFO - Driver [/home/diego/.wdm/drivers/chromedriver/linux64/135.0.7049.95/chromedriver-linux64/chromedriver] found in cache
2025-04-21 18:07:15,674 - INFO - Driver [/home/diego/.wdm/drivers/chromedriver/linux64/135.0.7049.95/chromedriver-linux64/chromedriver] found in cache
2025-04-21 18:07:15,675 - INFO - Driver [/home/diego/.wdm/drivers/chromedriver/linux64/135.0.7049.95/chromedriver-linux64/chromedriver] found in cache
2025-04-21 18:07:15,675 - INFO - Driver [/home/diego/.wdm/drivers/chromedriver/linux64/135.0.7049.95/chromedriver-linux64/chromedriver] found in cache
2025-04-21 18:07:15,675 - INFO - Driver [/home/diego/.wdm/drivers/chromedriver/linux64/135.0.7049.95/chromedriver-linux64/chromedriver] found in cache
2025-04-21 18:07:15,679 - INFO - Driver [/home/diego/.wdm/drivers/chromedriver/linux64/135.0.7049.95/chromedriver-linux64/chromedriver] found in cache
2025-04-21 18:07:17,491 - INFO - Successfully extracted 174 shots from game bos-vs-nyk-0022300065
2025-04-21 18:07:17,554 - INFO - Processing game: tor-vs-bos-0022300174
2025-04-21 18:07:17,554 - INFO - ====== WebDriver manager ======
2025-04-21 18:07:17,647 - INFO - Get LATEST chromedriver version for google-chrome
2025-04-21 18:07:17,696 - INFO - Get LATEST chromedriver version for google-chrome
2025-04-21 18:07:17,764 - INFO - Driver [/home/diego/.wdm/drivers/chromedriver/linux64/135.0.7049.95/chromedriver-linux64/chromedriver] found in cache
2025-04-21 18:07:18,647 - INFO - Successfully extracted 189 shots from game bos-vs-was-0022300103
2025-04-21 18:07:18,712 - INFO - Processing game: nyk-vs-bos-0022300188
2025-04-21 18:07:18,712 - INFO - ====== WebDriver manager ======
2025-04-21 18:07:18,831 - INFO - Get LATEST chromedriver version for google-chrome
2025-04-21 18:07:18,949 - INFO - Successfully extracted 196 shots from game ind-vs-bos-0022300118
2025-04-21 18:07:18,955 - INFO - Successfully extracted 179 shots from game bkn-vs-bos-0022300010
2025-04-21 18:07:18,964 - INFO - Get LATEST chromedriver version for google-chrome
2025-04-21 18:07:19,003 - INFO - Driver [/home/diego/.wdm/drivers/chromedriver/linux64/135.0.7049.95/chromedriver-linux64/chromedriver] found in cache
2025-04-21 18:07:19,017 - INFO - Processing game: bos-vs-phi-0022300194
2025-04-21 18:07:19,017 - INFO - ====== WebDriver manager ======
2025-04-21 18:07:19,017 - INFO - Processing game: bos-vs-tor-0022300031
2025-04-21 18:07:19,017 - INFO - ====== WebDriver manager ======
2025-04-21 18:07:19,121 - INFO - Successfully extracted 190 shots from game bos-vs-bkn-0022300136
2025-04-21 18:07:19,164 - INFO - Get LATEST chromedriver version for google-chrome
2025-04-21 18:07:19,167 - INFO - Get LATEST chromedriver version for google-chrome
2025-04-21 18:07:19,182 - INFO - Processing game: bos-vs-mem-0022300213
2025-04-21 18:07:19,183 - INFO - ====== WebDriver manager ======
2025-04-21 18:07:19,202 - INFO - Get LATEST chromedriver version for google-chrome
2025-04-21 18:07:19,250 - INFO - Get LATEST chromedriver version for google-chrome
2025-04-21 18:07:19,284 - INFO - Successfully extracted 186 shots from game bos-vs-phi-0022300159
2025-04-21 18:07:19,286 - INFO - Driver [/home/diego/.wdm/drivers/chromedriver/linux64/135.0.7049.95/chromedriver-linux64/chromedriver] found in cache
2025-04-21 18:07:19,303 - INFO - Driver [/home/diego/.wdm/drivers/chromedriver/linux64/135.0.7049.95/chromedriver-linux64/chromedriver] found in cache
2025-04-21 18:07:19,328 - INFO - Get LATEST chromedriver version for google-chrome
2025-04-21 18:07:19,345 - INFO - Processing game: bos-vs-cha-0022300217
2025-04-21 18:07:19,345 - INFO - ====== WebDriver manager ======
2025-04-21 18:07:19,363 - INFO - Get LATEST chromedriver version for google-chrome
2025-04-21 18:07:19,401 - INFO - Driver [/home/diego/.wdm/drivers/chromedriver/linux64/135.0.7049.95/chromedriver-linux64/chromedriver] found in cache
2025-04-21 18:07:19,419 - INFO - Get LATEST chromedriver version for google-chrome
2025-04-21 18:07:19,459 - INFO - Get LATEST chromedriver version for google-chrome
2025-04-21 18:07:19,539 - INFO - Driver [/home/diego/.wdm/drivers/chromedriver/linux64/135.0.7049.95/chromedriver-linux64/chromedriver] found in cache
2025-04-21 18:07:19,585 - INFO - Successfully extracted 177 shots from game bos-vs-min-0022300154
2025-04-21 18:07:19,662 - INFO - Processing game: mil-vs-bos-0022300228
2025-04-21 18:07:19,662 - INFO - ====== WebDriver manager ======
2025-04-21 18:07:19,770 - INFO - Successfully extracted 184 shots from game mia-vs-bos-0022300080
2025-04-21 18:07:19,805 - INFO - Get LATEST chromedriver version for google-chrome
2025-04-21 18:07:19,834 - INFO - Processing game: bos-vs-orl-0022300043
2025-04-21 18:07:19,834 - INFO - ====== WebDriver manager ======
2025-04-21 18:07:19,849 - INFO - Get LATEST chromedriver version for google-chrome
2025-04-21 18:07:19,904 - INFO - Get LATEST chromedriver version for google-chrome
2025-04-21 18:07:19,908 - INFO - Driver [/home/diego/.wdm/drivers/chromedriver/linux64/135.0.7049.95/chromedriver-linux64/chromedriver] found in cache
2025-04-21 18:07:19,973 - INFO - Get LATEST chromedriver version for google-chrome
2025-04-21 18:07:20,012 - INFO - Driver [/home/diego/.wdm/drivers/chromedriver/linux64/135.0.7049.95/chromedriver-linux64/chromedriver] found in cache
2025-04-21 18:07:20,989 - INFO - Successfully extracted 177 shots from game tor-vs-bos-0022300174
2025-04-21 18:07:21,048 - INFO - Processing game: atl-vs-bos-0022300246
2025-04-21 18:07:21,048 - INFO - ====== WebDriver manager ======
2025-04-21 18:07:21,111 - INFO - Get LATEST chromedriver version for google-chrome
2025-04-21 18:07:21,149 - INFO - Get LATEST chromedriver version for google-chrome
2025-04-21 18:07:21,188 - INFO - Driver [/home/diego/.wdm/drivers/chromedriver/linux64/135.0.7049.95/chromedriver-linux64/chromedriver] found in cache
2025-04-21 18:07:22,421 - INFO - Successfully extracted 158 shots from game nyk-vs-bos-0022300188
2025-04-21 18:07:22,507 - INFO - Successfully extracted 179 shots from game bos-vs-tor-0022300031
2025-04-21 18:07:22,511 - INFO - Processing game: chi-vs-bos-0022300053
2025-04-21 18:07:22,511 - INFO - ====== WebDriver manager ======
2025-04-21 18:07:22,569 - INFO - Processing game: phi-vs-bos-0022300275
2025-04-21 18:07:22,570 - INFO - ====== WebDriver manager ======
2025-04-21 18:07:22,603 - INFO - Get LATEST chromedriver version for google-chrome
2025-04-21 18:07:22,643 - INFO - Get LATEST chromedriver version for google-chrome
2025-04-21 18:07:22,649 - INFO - Get LATEST chromedriver version for google-chrome
2025-04-21 18:07:22,684 - INFO - Driver [/home/diego/.wdm/drivers/chromedriver/linux64/135.0.7049.95/chromedriver-linux64/chromedriver] found in cache
2025-04-21 18:07:22,689 - INFO - Get LATEST chromedriver version for google-chrome
2025-04-21 18:07:22,725 - INFO - Driver [/home/diego/.wdm/drivers/chromedriver/linux64/135.0.7049.95/chromedriver-linux64/chromedriver] found in cache
2025-04-21 18:07:22,956 - INFO - Successfully extracted 173 shots from game bos-vs-phi-0022300194
2025-04-21 18:07:23,021 - INFO - Processing game: bos-vs-ind-0022301202
2025-04-21 18:07:23,021 - INFO - ====== WebDriver manager ======
2025-04-21 18:07:23,110 - INFO - Get LATEST chromedriver version for google-chrome
2025-04-21 18:07:23,155 - INFO - Get LATEST chromedriver version for google-chrome
2025-04-21 18:07:23,191 - INFO - Driver [/home/diego/.wdm/drivers/chromedriver/linux64/135.0.7049.95/chromedriver-linux64/chromedriver] found in cache
2025-04-21 18:07:23,623 - INFO - Successfully extracted 172 shots from game bos-vs-mem-0022300213
2025-04-21 18:07:23,688 - INFO - Processing game: nyk-vs-bos-0022301227
2025-04-21 18:07:23,688 - INFO - ====== WebDriver manager ======
2025-04-21 18:07:23,763 - INFO - Get LATEST chromedriver version for google-chrome
2025-04-21 18:07:23,846 - INFO - Get LATEST chromedriver version for google-chrome
2025-04-21 18:07:23,869 - INFO - Successfully extracted 185 shots from game mil-vs-bos-0022300228
2025-04-21 18:07:23,907 - INFO - Driver [/home/diego/.wdm/drivers/chromedriver/linux64/135.0.7049.95/chromedriver-linux64/chromedriver] found in cache
2025-04-21 18:07:23,932 - INFO - Processing game: cle-vs-bos-0022300305
2025-04-21 18:07:23,933 - INFO - ====== WebDriver manager ======
2025-04-21 18:07:24,015 - INFO - Get LATEST chromedriver version for google-chrome
2025-04-21 18:07:24,153 - INFO - Successfully extracted 201 shots from game bos-vs-cha-0022300217
2025-04-21 18:07:24,155 - INFO - Get LATEST chromedriver version for google-chrome
2025-04-21 18:07:24,200 - INFO - Driver [/home/diego/.wdm/drivers/chromedriver/linux64/135.0.7049.95/chromedriver-linux64/chromedriver] found in cache
2025-04-21 18:07:24,219 - INFO - Processing game: cle-vs-bos-0022300319
2025-04-21 18:07:24,219 - INFO - ====== WebDriver manager ======
2025-04-21 18:07:24,296 - INFO - Get LATEST chromedriver version for google-chrome
2025-04-21 18:07:24,342 - INFO - Get LATEST chromedriver version for google-chrome
2025-04-21 18:07:24,379 - INFO - Driver [/home/diego/.wdm/drivers/chromedriver/linux64/135.0.7049.95/chromedriver-linux64/chromedriver] found in cache
2025-04-21 18:07:24,919 - INFO - Successfully extracted 183 shots from game atl-vs-bos-0022300246
2025-04-21 18:07:24,979 - INFO - Processing game: orl-vs-bos-0022300329
2025-04-21 18:07:24,979 - INFO - ====== WebDriver manager ======
2025-04-21 18:07:25,054 - INFO - Get LATEST chromedriver version for google-chrome
2025-04-21 18:07:25,132 - INFO - Successfully extracted 161 shots from game bos-vs-orl-0022300043
2025-04-21 18:07:25,134 - INFO - Get LATEST chromedriver version for google-chrome
2025-04-21 18:07:25,177 - INFO - Driver [/home/diego/.wdm/drivers/chromedriver/linux64/135.0.7049.95/chromedriver-linux64/chromedriver] found in cache
2025-04-21 18:07:25,196 - INFO - Processing game: orl-vs-bos-0022300344
2025-04-21 18:07:25,196 - INFO - ====== WebDriver manager ======
2025-04-21 18:07:25,268 - INFO - Get LATEST chromedriver version for google-chrome
2025-04-21 18:07:25,308 - INFO - Get LATEST chromedriver version for google-chrome
2025-04-21 18:07:25,350 - INFO - Driver [/home/diego/.wdm/drivers/chromedriver/linux64/135.0.7049.95/chromedriver-linux64/chromedriver] found in cache
2025-04-21 18:07:25,901 - INFO - Successfully extracted 180 shots from game chi-vs-bos-0022300053
2025-04-21 18:07:25,961 - INFO - Processing game: bos-vs-gsw-0022300362
2025-04-21 18:07:25,962 - INFO - ====== WebDriver manager ======
2025-04-21 18:07:26,030 - INFO - Successfully extracted 171 shots from game phi-vs-bos-0022300275
2025-04-21 18:07:26,065 - INFO - Get LATEST chromedriver version for google-chrome
2025-04-21 18:07:26,089 - INFO - Processing game: bos-vs-sac-0022300373
2025-04-21 18:07:26,089 - INFO - ====== WebDriver manager ======
2025-04-21 18:07:26,098 - INFO - Get LATEST chromedriver version for google-chrome
2025-04-21 18:07:26,134 - INFO - Driver [/home/diego/.wdm/drivers/chromedriver/linux64/135.0.7049.95/chromedriver-linux64/chromedriver] found in cache
2025-04-21 18:07:26,154 - INFO - Get LATEST chromedriver version for google-chrome
2025-04-21 18:07:26,195 - INFO - Get LATEST chromedriver version for google-chrome
2025-04-21 18:07:26,243 - INFO - Driver [/home/diego/.wdm/drivers/chromedriver/linux64/135.0.7049.95/chromedriver-linux64/chromedriver] found in cache
2025-04-21 18:07:27,688 - INFO - Successfully extracted 191 shots from game bos-vs-ind-0022301202
2025-04-21 18:07:27,777 - INFO - Processing game: bos-vs-lac-0022300389
2025-04-21 18:07:27,777 - INFO - ====== WebDriver manager ======
2025-04-21 18:07:27,788 - INFO - Successfully extracted 168 shots from game cle-vs-bos-0022300319
2025-04-21 18:07:27,855 - INFO - Processing game: bos-vs-lal-0022300403
2025-04-21 18:07:27,855 - INFO - ====== WebDriver manager ======
2025-04-21 18:07:27,902 - INFO - Get LATEST chromedriver version for google-chrome
2025-04-21 18:07:27,946 - INFO - Get LATEST chromedriver version for google-chrome
2025-04-21 18:07:27,957 - INFO - Get LATEST chromedriver version for google-chrome
2025-04-21 18:07:27,994 - INFO - Driver [/home/diego/.wdm/drivers/chromedriver/linux64/135.0.7049.95/chromedriver-linux64/chromedriver] found in cache
2025-04-21 18:07:28,007 - INFO - Get LATEST chromedriver version for google-chrome
2025-04-21 18:07:28,059 - INFO - Driver [/home/diego/.wdm/drivers/chromedriver/linux64/135.0.7049.95/chromedriver-linux64/chromedriver] found in cache
2025-04-21 18:07:28,607 - INFO - Successfully extracted 179 shots from game nyk-vs-bos-0022301227
2025-04-21 18:07:28,698 - INFO - Successfully extracted 176 shots from game cle-vs-bos-0022300305
2025-04-21 18:07:28,699 - INFO - Processing game: det-vs-bos-0022300421
2025-04-21 18:07:28,699 - INFO - ====== WebDriver manager ======
2025-04-21 18:07:28,767 - INFO - Processing game: tor-vs-bos-0022300432
2025-04-21 18:07:28,767 - INFO - ====== WebDriver manager ======
2025-04-21 18:07:28,812 - INFO - Get LATEST chromedriver version for google-chrome
2025-04-21 18:07:28,866 - INFO - Successfully extracted 179 shots from game orl-vs-bos-0022300329
2025-04-21 18:07:28,868 - INFO - Get LATEST chromedriver version for google-chrome
2025-04-21 18:07:28,907 - INFO - Get LATEST chromedriver version for google-chrome
2025-04-21 18:07:28,913 - INFO - Driver [/home/diego/.wdm/drivers/chromedriver/linux64/135.0.7049.95/chromedriver-linux64/chromedriver] found in cache
2025-04-21 18:07:28,929 - INFO - Processing game: bos-vs-sas-0022300448
2025-04-21 18:07:28,930 - INFO - ====== WebDriver manager ======
2025-04-21 18:07:28,952 - INFO - Get LATEST chromedriver version for google-chrome
2025-04-21 18:07:28,993 - INFO - Driver [/home/diego/.wdm/drivers/chromedriver/linux64/135.0.7049.95/chromedriver-linux64/chromedriver] found in cache
2025-04-21 18:07:29,007 - INFO - Get LATEST chromedriver version for google-chrome
2025-04-21 18:07:29,051 - INFO - Get LATEST chromedriver version for google-chrome
2025-04-21 18:07:29,097 - INFO - Driver [/home/diego/.wdm/drivers/chromedriver/linux64/135.0.7049.95/chromedriver-linux64/chromedriver] found in cache
2025-04-21 18:07:29,496 - INFO - Successfully extracted 223 shots from game bos-vs-gsw-0022300362
2025-04-21 18:07:29,539 - INFO - Successfully extracted 184 shots from game orl-vs-bos-0022300344
2025-04-21 18:07:29,557 - INFO - Processing game: bos-vs-okc-0022300462
2025-04-21 18:07:29,557 - INFO - ====== WebDriver manager ======
2025-04-21 18:07:29,640 - INFO - Get LATEST chromedriver version for google-chrome
2025-04-21 18:07:29,663 - INFO - Successfully extracted 183 shots from game bos-vs-sac-0022300373
2025-04-21 18:07:29,664 - INFO - Processing game: uta-vs-bos-0022300479
2025-04-21 18:07:29,664 - INFO - ====== WebDriver manager ======
2025-04-21 18:07:29,704 - INFO - Get LATEST chromedriver version for google-chrome
2025-04-21 18:07:29,723 - INFO - Processing game: bos-vs-ind-0022300493
2025-04-21 18:07:29,723 - INFO - ====== WebDriver manager ======
2025-04-21 18:07:29,735 - INFO - Get LATEST chromedriver version for google-chrome
2025-04-21 18:07:29,742 - INFO - Driver [/home/diego/.wdm/drivers/chromedriver/linux64/135.0.7049.95/chromedriver-linux64/chromedriver] found in cache
2025-04-21 18:07:29,775 - INFO - Get LATEST chromedriver version for google-chrome
2025-04-21 18:07:29,789 - INFO - Get LATEST chromedriver version for google-chrome
2025-04-21 18:07:29,828 - INFO - Driver [/home/diego/.wdm/drivers/chromedriver/linux64/135.0.7049.95/chromedriver-linux64/chromedriver] found in cache
2025-04-21 18:07:29,840 - INFO - Get LATEST chromedriver version for google-chrome
2025-04-21 18:07:29,880 - INFO - Driver [/home/diego/.wdm/drivers/chromedriver/linux64/135.0.7049.95/chromedriver-linux64/chromedriver] found in cache
2025-04-21 18:07:31,173 - INFO - Successfully extracted 183 shots from game bos-vs-lac-0022300389
2025-04-21 18:07:31,233 - INFO - Processing game: bos-vs-ind-0022300507
2025-04-21 18:07:31,234 - INFO - ====== WebDriver manager ======
2025-04-21 18:07:31,316 - INFO - Get LATEST chromedriver version for google-chrome
2025-04-21 18:07:31,508 - INFO - Successfully extracted 181 shots from game bos-vs-lal-0022300403
2025-04-21 18:07:31,510 - INFO - Get LATEST chromedriver version for google-chrome
2025-04-21 18:07:31,552 - INFO - Driver [/home/diego/.wdm/drivers/chromedriver/linux64/135.0.7049.95/chromedriver-linux64/chromedriver] found in cache
2025-04-21 18:07:31,573 - INFO - Processing game: min-vs-bos-0022300517
2025-04-21 18:07:31,573 - INFO - ====== WebDriver manager ======
2025-04-21 18:07:31,689 - INFO - Get LATEST chromedriver version for google-chrome
2025-04-21 18:07:31,734 - INFO - Get LATEST chromedriver version for google-chrome
2025-04-21 18:07:31,791 - INFO - Driver [/home/diego/.wdm/drivers/chromedriver/linux64/135.0.7049.95/chromedriver-linux64/chromedriver] found in cache
2025-04-21 18:07:31,884 - INFO - Successfully extracted 200 shots from game det-vs-bos-0022300421
2025-04-21 18:07:31,974 - INFO - Processing game: bos-vs-mil-0022300528
2025-04-21 18:07:31,975 - INFO - ====== WebDriver manager ======
2025-04-21 18:07:32,088 - INFO - Successfully extracted 189 shots from game bos-vs-sas-0022300448
2025-04-21 18:07:32,146 - INFO - Get LATEST chromedriver version for google-chrome
2025-04-21 18:07:32,151 - INFO - Processing game: hou-vs-bos-0022300542
2025-04-21 18:07:32,151 - INFO - ====== WebDriver manager ======
2025-04-21 18:07:32,188 - INFO - Get LATEST chromedriver version for google-chrome
2025-04-21 18:07:32,227 - INFO - Driver [/home/diego/.wdm/drivers/chromedriver/linux64/135.0.7049.95/chromedriver-linux64/chromedriver] found in cache
2025-04-21 18:07:32,249 - INFO - Get LATEST chromedriver version for google-chrome
2025-04-21 18:07:32,290 - INFO - Get LATEST chromedriver version for google-chrome
2025-04-21 18:07:32,330 - INFO - Driver [/home/diego/.wdm/drivers/chromedriver/linux64/135.0.7049.95/chromedriver-linux64/chromedriver] found in cache
2025-04-21 18:07:32,629 - INFO - Successfully extracted 183 shots from game tor-vs-bos-0022300432
2025-04-21 18:07:32,693 - INFO - Processing game: bos-vs-tor-0022300563
2025-04-21 18:07:32,693 - INFO - ====== WebDriver manager ======
2025-04-21 18:07:32,769 - INFO - Get LATEST chromedriver version for google-chrome
2025-04-21 18:07:32,807 - INFO - Get LATEST chromedriver version for google-chrome
2025-04-21 18:07:32,842 - INFO - Driver [/home/diego/.wdm/drivers/chromedriver/linux64/135.0.7049.95/chromedriver-linux64/chromedriver] found in cache
2025-04-21 18:07:32,934 - INFO - Successfully extracted 184 shots from game uta-vs-bos-0022300479
2025-04-21 18:07:32,993 - INFO - Processing game: sas-vs-bos-0022300571
2025-04-21 18:07:32,993 - INFO - ====== WebDriver manager ======
2025-04-21 18:07:33,062 - INFO - Get LATEST chromedriver version for google-chrome
2025-04-21 18:07:33,103 - INFO - Get LATEST chromedriver version for google-chrome
2025-04-21 18:07:33,144 - INFO - Driver [/home/diego/.wdm/drivers/chromedriver/linux64/135.0.7049.95/chromedriver-linux64/chromedriver] found in cache
2025-04-21 18:07:33,214 - INFO - Successfully extracted 183 shots from game bos-vs-okc-0022300462
2025-04-21 18:07:33,311 - INFO - Processing game: den-vs-bos-0022300586
2025-04-21 18:07:33,311 - INFO - ====== WebDriver manager ======
2025-04-21 18:07:33,340 - INFO - Successfully extracted 182 shots from game bos-vs-ind-0022300493
2025-04-21 18:07:33,400 - INFO - Processing game: bos-vs-hou-0022300603
2025-04-21 18:07:33,400 - INFO - ====== WebDriver manager ======
2025-04-21 18:07:33,415 - INFO - Get LATEST chromedriver version for google-chrome
2025-04-21 18:07:33,453 - INFO - Get LATEST chromedriver version for google-chrome
2025-04-21 18:07:33,472 - INFO - Get LATEST chromedriver version for google-chrome
2025-04-21 18:07:33,495 - INFO - Driver [/home/diego/.wdm/drivers/chromedriver/linux64/135.0.7049.95/chromedriver-linux64/chromedriver] found in cache
2025-04-21 18:07:33,511 - INFO - Get LATEST chromedriver version for google-chrome
2025-04-21 18:07:33,552 - INFO - Driver [/home/diego/.wdm/drivers/chromedriver/linux64/135.0.7049.95/chromedriver-linux64/chromedriver] found in cache
2025-04-21 18:07:34,409 - INFO - Successfully extracted 185 shots from game min-vs-bos-0022300517
2025-04-21 18:07:34,473 - INFO - Processing game: bos-vs-dal-0022300611
2025-04-21 18:07:34,473 - INFO - ====== WebDriver manager ======
2025-04-21 18:07:34,569 - INFO - Get LATEST chromedriver version for google-chrome
2025-04-21 18:07:34,612 - INFO - Get LATEST chromedriver version for google-chrome
2025-04-21 18:07:34,648 - INFO - Driver [/home/diego/.wdm/drivers/chromedriver/linux64/135.0.7049.95/chromedriver-linux64/chromedriver] found in cache
2025-04-21 18:07:35,068 - INFO - Successfully extracted 181 shots from game bos-vs-ind-0022300507
2025-04-21 18:07:35,131 - INFO - Processing game: bos-vs-mia-0022300630
2025-04-21 18:07:35,131 - INFO - ====== WebDriver manager ======
2025-04-21 18:07:35,236 - INFO - Get LATEST chromedriver version for google-chrome
2025-04-21 18:07:35,279 - INFO - Get LATEST chromedriver version for google-chrome
2025-04-21 18:07:35,319 - INFO - Driver [/home/diego/.wdm/drivers/chromedriver/linux64/135.0.7049.95/chromedriver-linux64/chromedriver] found in cache
2025-04-21 18:07:35,490 - INFO - Successfully extracted 183 shots from game bos-vs-mil-0022300528
2025-04-21 18:07:35,571 - INFO - Processing game: lac-vs-bos-0022300646
2025-04-21 18:07:35,571 - INFO - ====== WebDriver manager ======
2025-04-21 18:07:35,604 - INFO - Successfully extracted 177 shots from game bos-vs-tor-0022300563
2025-04-21 18:07:35,669 - INFO - Processing game: nop-vs-bos-0022300659
2025-04-21 18:07:35,670 - INFO - ====== WebDriver manager ======
2025-04-21 18:07:35,701 - INFO - Get LATEST chromedriver version for google-chrome
2025-04-21 18:07:35,742 - INFO - Get LATEST chromedriver version for google-chrome
2025-04-21 18:07:35,752 - INFO - Get LATEST chromedriver version for google-chrome
2025-04-21 18:07:35,784 - INFO - Driver [/home/diego/.wdm/drivers/chromedriver/linux64/135.0.7049.95/chromedriver-linux64/chromedriver] found in cache
2025-04-21 18:07:35,798 - INFO - Get LATEST chromedriver version for google-chrome
2025-04-21 18:07:35,842 - INFO - Driver [/home/diego/.wdm/drivers/chromedriver/linux64/135.0.7049.95/chromedriver-linux64/chromedriver] found in cache
2025-04-21 18:07:36,049 - INFO - Successfully extracted 194 shots from game hou-vs-bos-0022300542
2025-04-21 18:07:36,129 - INFO - Successfully extracted 170 shots from game den-vs-bos-0022300586
2025-04-21 18:07:36,131 - INFO - Processing game: ind-vs-bos-0022300670
2025-04-21 18:07:36,131 - INFO - ====== WebDriver manager ======
2025-04-21 18:07:36,191 - INFO - Processing game: lal-vs-bos-0022300684
2025-04-21 18:07:36,191 - INFO - ====== WebDriver manager ======
2025-04-21 18:07:36,220 - INFO - Get LATEST chromedriver version for google-chrome
2025-04-21 18:07:36,256 - INFO - Get LATEST chromedriver version for google-chrome
2025-04-21 18:07:36,259 - INFO - Get LATEST chromedriver version for google-chrome
2025-04-21 18:07:36,348 - INFO - Successfully extracted 192 shots from game bos-vs-hou-0022300603
2025-04-21 18:07:36,350 - INFO - Driver [/home/diego/.wdm/drivers/chromedriver/linux64/135.0.7049.95/chromedriver-linux64/chromedriver] found in cache
2025-04-21 18:07:36,351 - INFO - Get LATEST chromedriver version for google-chrome
2025-04-21 18:07:36,394 - INFO - Driver [/home/diego/.wdm/drivers/chromedriver/linux64/135.0.7049.95/chromedriver-linux64/chromedriver] found in cache
2025-04-21 18:07:36,408 - INFO - Processing game: mem-vs-bos-0022300706
2025-04-21 18:07:36,409 - INFO - ====== WebDriver manager ======
2025-04-21 18:07:36,485 - INFO - Get LATEST chromedriver version for google-chrome
2025-04-21 18:07:36,529 - INFO - Get LATEST chromedriver version for google-chrome
2025-04-21 18:07:36,600 - INFO - Driver [/home/diego/.wdm/drivers/chromedriver/linux64/135.0.7049.95/chromedriver-linux64/chromedriver] found in cache
2025-04-21 18:07:36,634 - INFO - Successfully extracted 183 shots from game sas-vs-bos-0022300571
2025-04-21 18:07:36,698 - INFO - Processing game: atl-vs-bos-0022300729
2025-04-21 18:07:36,698 - INFO - ====== WebDriver manager ======
2025-04-21 18:07:36,783 - INFO - Get LATEST chromedriver version for google-chrome
2025-04-21 18:07:36,820 - INFO - Get LATEST chromedriver version for google-chrome
2025-04-21 18:07:36,854 - INFO - Driver [/home/diego/.wdm/drivers/chromedriver/linux64/135.0.7049.95/chromedriver-linux64/chromedriver] found in cache
2025-04-21 18:07:38,029 - INFO - Successfully extracted 176 shots from game nop-vs-bos-0022300659
2025-04-21 18:07:38,115 - INFO - Successfully extracted 185 shots from game bos-vs-dal-0022300611
2025-04-21 18:07:38,117 - INFO - Processing game: was-vs-bos-0022300743
2025-04-21 18:07:38,117 - INFO - ====== WebDriver manager ======
2025-04-21 18:07:38,209 - INFO - Successfully extracted 174 shots from game bos-vs-mia-0022300630
2025-04-21 18:07:38,213 - INFO - Processing game: bos-vs-mia-0022300759
2025-04-21 18:07:38,213 - INFO - ====== WebDriver manager ======
2025-04-21 18:07:38,246 - INFO - Get LATEST chromedriver version for google-chrome
2025-04-21 18:07:38,269 - INFO - Processing game: bos-vs-bkn-0022300771
2025-04-21 18:07:38,269 - INFO - ====== WebDriver manager ======
2025-04-21 18:07:38,284 - INFO - Get LATEST chromedriver version for google-chrome
2025-04-21 18:07:38,285 - INFO - Get LATEST chromedriver version for google-chrome
2025-04-21 18:07:38,326 - INFO - Driver [/home/diego/.wdm/drivers/chromedriver/linux64/135.0.7049.95/chromedriver-linux64/chromedriver] found in cache
2025-04-21 18:07:38,331 - INFO - Get LATEST chromedriver version for google-chrome
2025-04-21 18:07:38,346 - INFO - Get LATEST chromedriver version for google-chrome
2025-04-21 18:07:38,372 - INFO - Driver [/home/diego/.wdm/drivers/chromedriver/linux64/135.0.7049.95/chromedriver-linux64/chromedriver] found in cache
2025-04-21 18:07:38,389 - INFO - Get LATEST chromedriver version for google-chrome
2025-04-21 18:07:38,432 - INFO - Driver [/home/diego/.wdm/drivers/chromedriver/linux64/135.0.7049.95/chromedriver-linux64/chromedriver] found in cache
2025-04-21 18:07:38,707 - INFO - Successfully extracted 202 shots from game lac-vs-bos-0022300646
2025-04-21 18:07:38,771 - INFO - Processing game: bkn-vs-bos-0022300780
2025-04-21 18:07:38,771 - INFO - ====== WebDriver manager ======
2025-04-21 18:07:38,857 - INFO - Get LATEST chromedriver version for google-chrome
2025-04-21 18:07:38,903 - INFO - Get LATEST chromedriver version for google-chrome
2025-04-21 18:07:38,940 - INFO - Driver [/home/diego/.wdm/drivers/chromedriver/linux64/135.0.7049.95/chromedriver-linux64/chromedriver] found in cache
2025-04-21 18:07:39,292 - INFO - Successfully extracted 191 shots from game lal-vs-bos-0022300684
2025-04-21 18:07:39,351 - INFO - Processing game: bos-vs-chi-0022300797
2025-04-21 18:07:39,351 - INFO - ====== WebDriver manager ======
2025-04-21 18:07:39,416 - INFO - Get LATEST chromedriver version for google-chrome
2025-04-21 18:07:39,453 - INFO - Get LATEST chromedriver version for google-chrome
2025-04-21 18:07:39,507 - INFO - Driver [/home/diego/.wdm/drivers/chromedriver/linux64/135.0.7049.95/chromedriver-linux64/chromedriver] found in cache
2025-04-21 18:07:39,866 - INFO - Successfully extracted 195 shots from game ind-vs-bos-0022300670
2025-04-21 18:07:39,926 - INFO - Processing game: bos-vs-nyk-0022300816
2025-04-21 18:07:39,926 - INFO - ====== WebDriver manager ======
2025-04-21 18:07:39,994 - INFO - Get LATEST chromedriver version for google-chrome
2025-04-21 18:07:40,035 - INFO - Get LATEST chromedriver version for google-chrome
2025-04-21 18:07:40,072 - INFO - Driver [/home/diego/.wdm/drivers/chromedriver/linux64/135.0.7049.95/chromedriver-linux64/chromedriver] found in cache
2025-04-21 18:07:40,476 - INFO - Successfully extracted 191 shots from game mem-vs-bos-0022300706
2025-04-21 18:07:40,536 - INFO - Processing game: phi-vs-bos-0022300836
2025-04-21 18:07:40,536 - INFO - ====== WebDriver manager ======
2025-04-21 18:07:40,603 - INFO - Get LATEST chromedriver version for google-chrome
2025-04-21 18:07:40,640 - INFO - Get LATEST chromedriver version for google-chrome
2025-04-21 18:07:40,680 - INFO - Driver [/home/diego/.wdm/drivers/chromedriver/linux64/135.0.7049.95/chromedriver-linux64/chromedriver] found in cache
2025-04-21 18:07:41,486 - INFO - Successfully extracted 195 shots from game atl-vs-bos-0022300729
2025-04-21 18:07:41,547 - INFO - Processing game: dal-vs-bos-0022300859
2025-04-21 18:07:41,547 - INFO - ====== WebDriver manager ======
2025-04-21 18:07:41,618 - INFO - Get LATEST chromedriver version for google-chrome
2025-04-21 18:07:41,659 - INFO - Get LATEST chromedriver version for google-chrome
2025-04-21 18:07:41,701 - INFO - Driver [/home/diego/.wdm/drivers/chromedriver/linux64/135.0.7049.95/chromedriver-linux64/chromedriver] found in cache
2025-04-21 18:07:42,857 - INFO - Successfully extracted 162 shots from game bos-vs-bkn-0022300771
2025-04-21 18:07:42,919 - INFO - Processing game: gsw-vs-bos-0022300872
2025-04-21 18:07:42,919 - INFO - ====== WebDriver manager ======
2025-04-21 18:07:43,031 - INFO - Successfully extracted 172 shots from game bkn-vs-bos-0022300780
2025-04-21 18:07:43,076 - INFO - Get LATEST chromedriver version for google-chrome
2025-04-21 18:07:43,094 - INFO - Processing game: bos-vs-cle-0022300886
2025-04-21 18:07:43,094 - INFO - ====== WebDriver manager ======
2025-04-21 18:07:43,167 - INFO - Get LATEST chromedriver version for google-chrome
2025-04-21 18:07:43,244 - INFO - Get LATEST chromedriver version for google-chrome
2025-04-21 18:07:43,247 - INFO - Get LATEST chromedriver version for google-chrome
2025-04-21 18:07:43,420 - INFO - Driver [/home/diego/.wdm/drivers/chromedriver/linux64/135.0.7049.95/chromedriver-linux64/chromedriver] found in cache
2025-04-21 18:07:43,424 - INFO - Driver [/home/diego/.wdm/drivers/chromedriver/linux64/135.0.7049.95/chromedriver-linux64/chromedriver] found in cache
2025-04-21 18:07:43,801 - INFO - Successfully extracted 177 shots from game bos-vs-chi-0022300797
2025-04-21 18:07:43,876 - INFO - Processing game: bos-vs-den-0022300906
2025-04-21 18:07:43,877 - INFO - ====== WebDriver manager ======
2025-04-21 18:07:43,937 - INFO - Successfully extracted 187 shots from game was-vs-bos-0022300743
2025-04-21 18:07:44,030 - INFO - Successfully extracted 178 shots from game bos-vs-mia-0022300759
2025-04-21 18:07:44,031 - INFO - Processing game: bos-vs-phx-0022300920
2025-04-21 18:07:44,032 - INFO - ====== WebDriver manager ======
2025-04-21 18:07:44,072 - INFO - Get LATEST chromedriver version for google-chrome
2025-04-21 18:07:44,093 - INFO - Processing game: bos-vs-por-0022300938
2025-04-21 18:07:44,093 - INFO - ====== WebDriver manager ======
2025-04-21 18:07:44,109 - INFO - Get LATEST chromedriver version for google-chrome
2025-04-21 18:07:44,163 - INFO - Get LATEST chromedriver version for google-chrome
2025-04-21 18:07:44,164 - INFO - Get LATEST chromedriver version for google-chrome
2025-04-21 18:07:44,171 - INFO - Get LATEST chromedriver version for google-chrome
2025-04-21 18:07:44,200 - INFO - Get LATEST chromedriver version for google-chrome
2025-04-21 18:07:44,204 - INFO - Driver [/home/diego/.wdm/drivers/chromedriver/linux64/135.0.7049.95/chromedriver-linux64/chromedriver] found in cache
2025-04-21 18:07:44,216 - INFO - Driver [/home/diego/.wdm/drivers/chromedriver/linux64/135.0.7049.95/chromedriver-linux64/chromedriver] found in cache
2025-04-21 18:07:44,241 - INFO - Driver [/home/diego/.wdm/drivers/chromedriver/linux64/135.0.7049.95/chromedriver-linux64/chromedriver] found in cache
2025-04-21 18:07:44,718 - INFO - Successfully extracted 163 shots from game bos-vs-nyk-0022300816
2025-04-21 18:07:44,778 - INFO - Processing game: bos-vs-uta-0022300943
2025-04-21 18:07:44,778 - INFO - ====== WebDriver manager ======
2025-04-21 18:07:44,843 - INFO - Get LATEST chromedriver version for google-chrome
2025-04-21 18:07:44,894 - INFO - Get LATEST chromedriver version for google-chrome
2025-04-21 18:07:44,933 - INFO - Driver [/home/diego/.wdm/drivers/chromedriver/linux64/135.0.7049.95/chromedriver-linux64/chromedriver] found in cache
2025-04-21 18:07:45,176 - INFO - Successfully extracted 168 shots from game phi-vs-bos-0022300836
2025-04-21 18:07:45,236 - INFO - Processing game: phx-vs-bos-0022300955
2025-04-21 18:07:45,236 - INFO - ====== WebDriver manager ======
2025-04-21 18:07:45,304 - INFO - Get LATEST chromedriver version for google-chrome
2025-04-21 18:07:45,341 - INFO - Get LATEST chromedriver version for google-chrome
2025-04-21 18:07:45,379 - INFO - Driver [/home/diego/.wdm/drivers/chromedriver/linux64/135.0.7049.95/chromedriver-linux64/chromedriver] found in cache
2025-04-21 18:07:46,135 - INFO - Successfully extracted 188 shots from game dal-vs-bos-0022300859
2025-04-21 18:07:46,196 - INFO - Processing game: bos-vs-was-0022300980
2025-04-21 18:07:46,197 - INFO - ====== WebDriver manager ======
2025-04-21 18:07:46,264 - INFO - Get LATEST chromedriver version for google-chrome
2025-04-21 18:07:46,311 - INFO - Get LATEST chromedriver version for google-chrome
2025-04-21 18:07:46,352 - INFO - Driver [/home/diego/.wdm/drivers/chromedriver/linux64/135.0.7049.95/chromedriver-linux64/chromedriver] found in cache
2025-04-21 18:07:47,373 - INFO - Successfully extracted 183 shots from game bos-vs-cle-0022300886
2025-04-21 18:07:47,436 - INFO - Processing game: det-vs-bos-0022300984
2025-04-21 18:07:47,436 - INFO - ====== WebDriver manager ======
2025-04-21 18:07:47,542 - INFO - Successfully extracted 188 shots from game gsw-vs-bos-0022300872
2025-04-21 18:07:47,586 - INFO - Get LATEST chromedriver version for google-chrome
2025-04-21 18:07:47,606 - INFO - Processing game: mil-vs-bos-0022300998
2025-04-21 18:07:47,607 - INFO - ====== WebDriver manager ======
2025-04-21 18:07:47,638 - INFO - Get LATEST chromedriver version for google-chrome
2025-04-21 18:07:47,687 - INFO - Get LATEST chromedriver version for google-chrome
2025-04-21 18:07:47,700 - INFO - Driver [/home/diego/.wdm/drivers/chromedriver/linux64/135.0.7049.95/chromedriver-linux64/chromedriver] found in cache
2025-04-21 18:07:47,736 - INFO - Get LATEST chromedriver version for google-chrome
2025-04-21 18:07:47,775 - INFO - Driver [/home/diego/.wdm/drivers/chromedriver/linux64/135.0.7049.95/chromedriver-linux64/chromedriver] found in cache
2025-04-21 18:07:48,007 - INFO - Successfully extracted 181 shots from game bos-vs-den-0022300906
2025-04-21 18:07:48,026 - INFO - Successfully extracted 187 shots from game bos-vs-por-0022300938
2025-04-21 18:07:48,094 - INFO - Processing game: bos-vs-det-0022301011
2025-04-21 18:07:48,094 - INFO - ====== WebDriver manager ======
2025-04-21 18:07:48,100 - INFO - Processing game: bos-vs-chi-0022301023
2025-04-21 18:07:48,100 - INFO - ====== WebDriver manager ======
2025-04-21 18:07:48,186 - INFO - Get LATEST chromedriver version for google-chrome
2025-04-21 18:07:48,201 - INFO - Get LATEST chromedriver version for google-chrome
2025-04-21 18:07:48,229 - INFO - Get LATEST chromedriver version for google-chrome
2025-04-21 18:07:48,245 - INFO - Get LATEST chromedriver version for google-chrome
2025-04-21 18:07:48,275 - INFO - Driver [/home/diego/.wdm/drivers/chromedriver/linux64/135.0.7049.95/chromedriver-linux64/chromedriver] found in cache
2025-04-21 18:07:48,294 - INFO - Driver [/home/diego/.wdm/drivers/chromedriver/linux64/135.0.7049.95/chromedriver-linux64/chromedriver] found in cache
2025-04-21 18:07:48,779 - INFO - Successfully extracted 188 shots from game phx-vs-bos-0022300955
2025-04-21 18:07:48,884 - INFO - Successfully extracted 181 shots from game bos-vs-phx-0022300920
2025-04-21 18:07:48,884 - INFO - Processing game: bos-vs-atl-0022301034
2025-04-21 18:07:48,884 - INFO - ====== WebDriver manager ======
2025-04-21 18:07:48,946 - INFO - Processing game: bos-vs-atl-0022301060
2025-04-21 18:07:48,946 - INFO - ====== WebDriver manager ======
2025-04-21 18:07:48,952 - INFO - Get LATEST chromedriver version for google-chrome
2025-04-21 18:07:48,989 - INFO - Get LATEST chromedriver version for google-chrome
2025-04-21 18:07:49,015 - INFO - Get LATEST chromedriver version for google-chrome
2025-04-21 18:07:49,029 - INFO - Driver [/home/diego/.wdm/drivers/chromedriver/linux64/135.0.7049.95/chromedriver-linux64/chromedriver] found in cache
2025-04-21 18:07:49,059 - INFO - Get LATEST chromedriver version for google-chrome
2025-04-21 18:07:49,098 - INFO - Driver [/home/diego/.wdm/drivers/chromedriver/linux64/135.0.7049.95/chromedriver-linux64/chromedriver] found in cache
2025-04-21 18:07:49,311 - INFO - Successfully extracted 178 shots from game bos-vs-uta-0022300943
2025-04-21 18:07:49,376 - INFO - Processing game: bos-vs-nop-0022301074
2025-04-21 18:07:49,376 - INFO - ====== WebDriver manager ======
2025-04-21 18:07:49,448 - INFO - Get LATEST chromedriver version for google-chrome
2025-04-21 18:07:49,489 - INFO - Get LATEST chromedriver version for google-chrome
2025-04-21 18:07:49,521 - INFO - Driver [/home/diego/.wdm/drivers/chromedriver/linux64/135.0.7049.95/chromedriver-linux64/chromedriver] found in cache
2025-04-21 18:07:50,346 - INFO - Successfully extracted 176 shots from game bos-vs-was-0022300980
2025-04-21 18:07:50,406 - INFO - Processing game: bos-vs-cha-0022301087
2025-04-21 18:07:50,407 - INFO - ====== WebDriver manager ======
2025-04-21 18:07:50,482 - INFO - Get LATEST chromedriver version for google-chrome
2025-04-21 18:07:50,585 - INFO - Get LATEST chromedriver version for google-chrome
2025-04-21 18:07:50,590 - INFO - Successfully extracted 169 shots from game mil-vs-bos-0022300998
2025-04-21 18:07:50,653 - INFO - Processing game: okc-vs-bos-0022301105
2025-04-21 18:07:50,654 - INFO - ====== WebDriver manager ======
2025-04-21 18:07:50,655 - INFO - Driver [/home/diego/.wdm/drivers/chromedriver/linux64/135.0.7049.95/chromedriver-linux64/chromedriver] found in cache
2025-04-21 18:07:50,745 - INFO - Get LATEST chromedriver version for google-chrome
2025-04-21 18:07:50,787 - INFO - Get LATEST chromedriver version for google-chrome
2025-04-21 18:07:50,862 - INFO - Driver [/home/diego/.wdm/drivers/chromedriver/linux64/135.0.7049.95/chromedriver-linux64/chromedriver] found in cache
2025-04-21 18:07:52,172 - INFO - Successfully extracted 182 shots from game bos-vs-atl-0022301034
2025-04-21 18:07:52,232 - INFO - Processing game: sac-vs-bos-0022301118
2025-04-21 18:07:52,232 - INFO - ====== WebDriver manager ======
2025-04-21 18:07:52,320 - INFO - Get LATEST chromedriver version for google-chrome
2025-04-21 18:07:52,345 - INFO - Successfully extracted 179 shots from game det-vs-bos-0022300984
2025-04-21 18:07:52,377 - INFO - Get LATEST chromedriver version for google-chrome
2025-04-21 18:07:52,405 - INFO - Processing game: por-vs-bos-0022301134
2025-04-21 18:07:52,405 - INFO - ====== WebDriver manager ======
2025-04-21 18:07:52,416 - INFO - Driver [/home/diego/.wdm/drivers/chromedriver/linux64/135.0.7049.95/chromedriver-linux64/chromedriver] found in cache
2025-04-21 18:07:52,477 - INFO - Get LATEST chromedriver version for google-chrome
2025-04-21 18:07:52,528 - INFO - Get LATEST chromedriver version for google-chrome
2025-04-21 18:07:52,567 - INFO - Driver [/home/diego/.wdm/drivers/chromedriver/linux64/135.0.7049.95/chromedriver-linux64/chromedriver] found in cache
2025-04-21 18:07:52,765 - INFO - Successfully extracted 168 shots from game bos-vs-chi-0022301023
2025-04-21 18:07:52,798 - INFO - Successfully extracted 198 shots from game bos-vs-atl-0022301060
2025-04-21 18:07:52,890 - INFO - Processing game: bos-vs-mil-0022301148
2025-04-21 18:07:52,890 - INFO - ====== WebDriver manager ======
2025-04-21 18:07:52,917 - INFO - Successfully extracted 172 shots from game bos-vs-det-0022301011
2025-04-21 18:07:52,922 - INFO - Processing game: nyk-vs-bos-0022301167
2025-04-21 18:07:52,923 - INFO - ====== WebDriver manager ======
2025-04-21 18:07:53,012 - INFO - Successfully extracted 168 shots from game bos-vs-nop-0022301074
2025-04-21 18:07:53,015 - INFO - Processing game: cha-vs-bos-0022301173
2025-04-21 18:07:53,016 - INFO - ====== WebDriver manager ======
2025-04-21 18:07:53,050 - INFO - Get LATEST chromedriver version for google-chrome
2025-04-21 18:07:53,051 - INFO - Get LATEST chromedriver version for google-chrome
2025-04-21 18:07:53,072 - INFO - Processing game: was-vs-bos-0022301186
2025-04-21 18:07:53,072 - INFO - ====== WebDriver manager ======
2025-04-21 18:07:53,086 - INFO - Get LATEST chromedriver version for google-chrome
2025-04-21 18:07:53,091 - INFO - Get LATEST chromedriver version for google-chrome
2025-04-21 18:07:53,091 - INFO - Get LATEST chromedriver version for google-chrome
2025-04-21 18:07:53,127 - INFO - Get LATEST chromedriver version for google-chrome
2025-04-21 18:07:53,131 - INFO - Driver [/home/diego/.wdm/drivers/chromedriver/linux64/135.0.7049.95/chromedriver-linux64/chromedriver] found in cache
2025-04-21 18:07:53,134 - INFO - Driver [/home/diego/.wdm/drivers/chromedriver/linux64/135.0.7049.95/chromedriver-linux64/chromedriver] found in cache
2025-04-21 18:07:53,139 - INFO - Get LATEST chromedriver version for google-chrome
2025-04-21 18:07:53,170 - INFO - Driver [/home/diego/.wdm/drivers/chromedriver/linux64/135.0.7049.95/chromedriver-linux64/chromedriver] found in cache
2025-04-21 18:07:53,177 - INFO - Get LATEST chromedriver version for google-chrome
2025-04-21 18:07:53,213 - INFO - Driver [/home/diego/.wdm/drivers/chromedriver/linux64/135.0.7049.95/chromedriver-linux64/chromedriver] found in cache
2025-04-21 18:07:54,105 - INFO - Successfully extracted 180 shots from game bos-vs-cha-0022301087
2025-04-21 18:07:54,165 - INFO - Processing game: mia-vs-bos-0042300101
2025-04-21 18:07:54,165 - INFO - ====== WebDriver manager ======
2025-04-21 18:07:54,228 - INFO - Get LATEST chromedriver version for google-chrome
2025-04-21 18:07:54,266 - INFO - Get LATEST chromedriver version for google-chrome
2025-04-21 18:07:54,305 - INFO - Driver [/home/diego/.wdm/drivers/chromedriver/linux64/135.0.7049.95/chromedriver-linux64/chromedriver] found in cache
2025-04-21 18:07:54,751 - INFO - Successfully extracted 173 shots from game okc-vs-bos-0022301105
2025-04-21 18:07:54,813 - INFO - Processing game: mia-vs-bos-0042300102
2025-04-21 18:07:54,813 - INFO - ====== WebDriver manager ======
2025-04-21 18:07:54,888 - INFO - Get LATEST chromedriver version for google-chrome
2025-04-21 18:07:54,938 - INFO - Get LATEST chromedriver version for google-chrome
2025-04-21 18:07:54,976 - INFO - Driver [/home/diego/.wdm/drivers/chromedriver/linux64/135.0.7049.95/chromedriver-linux64/chromedriver] found in cache
2025-04-21 18:07:55,455 - INFO - Successfully extracted 188 shots from game sac-vs-bos-0022301118
2025-04-21 18:07:55,515 - INFO - Processing game: bos-vs-mia-0042300103
2025-04-21 18:07:55,515 - INFO - ====== WebDriver manager ======
2025-04-21 18:07:55,596 - INFO - Get LATEST chromedriver version for google-chrome
2025-04-21 18:07:55,638 - INFO - Get LATEST chromedriver version for google-chrome
2025-04-21 18:07:55,686 - INFO - Driver [/home/diego/.wdm/drivers/chromedriver/linux64/135.0.7049.95/chromedriver-linux64/chromedriver] found in cache
2025-04-21 18:07:55,906 - INFO - Successfully extracted 189 shots from game por-vs-bos-0022301134
2025-04-21 18:07:55,968 - INFO - Processing game: bos-vs-mia-0042300104
2025-04-21 18:07:55,968 - INFO - ====== WebDriver manager ======
2025-04-21 18:07:56,051 - INFO - Get LATEST chromedriver version for google-chrome
2025-04-21 18:07:56,090 - INFO - Get LATEST chromedriver version for google-chrome
2025-04-21 18:07:56,128 - INFO - Driver [/home/diego/.wdm/drivers/chromedriver/linux64/135.0.7049.95/chromedriver-linux64/chromedriver] found in cache
2025-04-21 18:07:56,365 - INFO - Successfully extracted 174 shots from game bos-vs-mil-0022301148
2025-04-21 18:07:56,430 - INFO - Processing game: mia-vs-bos-0042300105
2025-04-21 18:07:56,431 - INFO - ====== WebDriver manager ======
2025-04-21 18:07:56,526 - INFO - Get LATEST chromedriver version for google-chrome
2025-04-21 18:07:56,562 - INFO - Get LATEST chromedriver version for google-chrome
2025-04-21 18:07:56,600 - INFO - Driver [/home/diego/.wdm/drivers/chromedriver/linux64/135.0.7049.95/chromedriver-linux64/chromedriver] found in cache
2025-04-21 18:07:56,770 - INFO - Successfully extracted 192 shots from game was-vs-bos-0022301186
2025-04-21 18:07:56,837 - INFO - Processing game: cle-vs-bos-0042300201
2025-04-21 18:07:56,837 - INFO - ====== WebDriver manager ======
2025-04-21 18:07:56,939 - INFO - Get LATEST chromedriver version for google-chrome
2025-04-21 18:07:57,079 - INFO - Get LATEST chromedriver version for google-chrome
2025-04-21 18:07:57,146 - INFO - Successfully extracted 185 shots from game nyk-vs-bos-0022301167
2025-04-21 18:07:57,159 - INFO - Driver [/home/diego/.wdm/drivers/chromedriver/linux64/135.0.7049.95/chromedriver-linux64/chromedriver] found in cache
2025-04-21 18:07:57,210 - INFO - Processing game: cle-vs-bos-0042300202
2025-04-21 18:07:57,210 - INFO - ====== WebDriver manager ======
2025-04-21 18:07:57,291 - INFO - Get LATEST chromedriver version for google-chrome
2025-04-21 18:07:57,348 - INFO - Get LATEST chromedriver version for google-chrome
2025-04-21 18:07:57,394 - INFO - Successfully extracted 155 shots from game mia-vs-bos-0042300102
2025-04-21 18:07:57,408 - INFO - Driver [/home/diego/.wdm/drivers/chromedriver/linux64/135.0.7049.95/chromedriver-linux64/chromedriver] found in cache
2025-04-21 18:07:57,459 - INFO - Processing game: bos-vs-cle-0042300203
2025-04-21 18:07:57,459 - INFO - ====== WebDriver manager ======
2025-04-21 18:07:57,538 - INFO - Get LATEST chromedriver version for google-chrome
2025-04-21 18:07:57,579 - INFO - Get LATEST chromedriver version for google-chrome
2025-04-21 18:07:57,617 - INFO - Driver [/home/diego/.wdm/drivers/chromedriver/linux64/135.0.7049.95/chromedriver-linux64/chromedriver] found in cache
2025-04-21 18:07:57,933 - INFO - Successfully extracted 163 shots from game mia-vs-bos-0042300101
2025-04-21 18:07:57,997 - INFO - Processing game: bos-vs-cle-0042300204
2025-04-21 18:07:57,997 - INFO - ====== WebDriver manager ======
2025-04-21 18:07:58,080 - INFO - Get LATEST chromedriver version for google-chrome
2025-04-21 18:07:58,119 - INFO - Get LATEST chromedriver version for google-chrome
2025-04-21 18:07:58,161 - INFO - Driver [/home/diego/.wdm/drivers/chromedriver/linux64/135.0.7049.95/chromedriver-linux64/chromedriver] found in cache
2025-04-21 18:07:58,664 - INFO - Successfully extracted 180 shots from game cha-vs-bos-0022301173
2025-04-21 18:07:58,758 - INFO - Successfully extracted 159 shots from game bos-vs-mia-0042300103
2025-04-21 18:07:58,759 - INFO - Processing game: cle-vs-bos-0042300205
2025-04-21 18:07:58,759 - INFO - ====== WebDriver manager ======
2025-04-21 18:07:58,818 - INFO - Processing game: ind-vs-bos-0042300301
2025-04-21 18:07:58,818 - INFO - ====== WebDriver manager ======
2025-04-21 18:07:58,827 - INFO - Get LATEST chromedriver version for google-chrome
2025-04-21 18:07:58,866 - INFO - Get LATEST chromedriver version for google-chrome
2025-04-21 18:07:58,886 - INFO - Get LATEST chromedriver version for google-chrome
2025-04-21 18:07:58,913 - INFO - Driver [/home/diego/.wdm/drivers/chromedriver/linux64/135.0.7049.95/chromedriver-linux64/chromedriver] found in cache
2025-04-21 18:07:58,938 - INFO - Get LATEST chromedriver version for google-chrome
2025-04-21 18:07:58,999 - INFO - Driver [/home/diego/.wdm/drivers/chromedriver/linux64/135.0.7049.95/chromedriver-linux64/chromedriver] found in cache
2025-04-21 18:07:59,066 - INFO - Successfully extracted 164 shots from game mia-vs-bos-0042300105
2025-04-21 18:07:59,136 - INFO - Successfully extracted 172 shots from game bos-vs-mia-0042300104
2025-04-21 18:07:59,143 - INFO - Processing game: ind-vs-bos-0042300302
2025-04-21 18:07:59,143 - INFO - ====== WebDriver manager ======
2025-04-21 18:07:59,208 - INFO - Processing game: bos-vs-ind-0042300303
2025-04-21 18:07:59,208 - INFO - ====== WebDriver manager ======
2025-04-21 18:07:59,267 - INFO - Get LATEST chromedriver version for google-chrome
2025-04-21 18:07:59,307 - INFO - Get LATEST chromedriver version for google-chrome
2025-04-21 18:07:59,308 - INFO - Get LATEST chromedriver version for google-chrome
2025-04-21 18:07:59,347 - INFO - Get LATEST chromedriver version for google-chrome
2025-04-21 18:07:59,348 - INFO - Driver [/home/diego/.wdm/drivers/chromedriver/linux64/135.0.7049.95/chromedriver-linux64/chromedriver] found in cache
2025-04-21 18:07:59,398 - INFO - Driver [/home/diego/.wdm/drivers/chromedriver/linux64/135.0.7049.95/chromedriver-linux64/chromedriver] found in cache
2025-04-21 18:08:00,053 - INFO - Successfully extracted 166 shots from game cle-vs-bos-0042300202
2025-04-21 18:08:00,114 - INFO - Processing game: bos-vs-ind-0042300304
2025-04-21 18:08:00,114 - INFO - ====== WebDriver manager ======
2025-04-21 18:08:00,182 - INFO - Get LATEST chromedriver version for google-chrome
2025-04-21 18:08:00,222 - INFO - Get LATEST chromedriver version for google-chrome
2025-04-21 18:08:00,262 - INFO - Driver [/home/diego/.wdm/drivers/chromedriver/linux64/135.0.7049.95/chromedriver-linux64/chromedriver] found in cache
2025-04-21 18:08:00,386 - INFO - Successfully extracted 164 shots from game bos-vs-cle-0042300203
2025-04-21 18:08:00,448 - INFO - Processing game: dal-vs-bos-0042300401
2025-04-21 18:08:00,449 - INFO - ====== WebDriver manager ======
2025-04-21 18:08:00,524 - INFO - Get LATEST chromedriver version for google-chrome
2025-04-21 18:08:00,572 - INFO - Get LATEST chromedriver version for google-chrome
2025-04-21 18:08:00,613 - INFO - Driver [/home/diego/.wdm/drivers/chromedriver/linux64/135.0.7049.95/chromedriver-linux64/chromedriver] found in cache
2025-04-21 18:08:00,831 - INFO - Successfully extracted 182 shots from game cle-vs-bos-0042300201
2025-04-21 18:08:00,897 - INFO - Processing game: dal-vs-bos-0042300402
2025-04-21 18:08:00,897 - INFO - ====== WebDriver manager ======
2025-04-21 18:08:00,980 - INFO - Get LATEST chromedriver version for google-chrome
2025-04-21 18:08:01,061 - INFO - Get LATEST chromedriver version for google-chrome
2025-04-21 18:08:01,091 - INFO - Successfully extracted 172 shots from game bos-vs-cle-0042300204
2025-04-21 18:08:01,117 - INFO - Driver [/home/diego/.wdm/drivers/chromedriver/linux64/135.0.7049.95/chromedriver-linux64/chromedriver] found in cache
2025-04-21 18:08:01,157 - INFO - Processing game: bos-vs-dal-0042300403
2025-04-21 18:08:01,158 - INFO - ====== WebDriver manager ======
2025-04-21 18:08:01,248 - INFO - Get LATEST chromedriver version for google-chrome
2025-04-21 18:08:01,287 - INFO - Get LATEST chromedriver version for google-chrome
2025-04-21 18:08:01,326 - INFO - Driver [/home/diego/.wdm/drivers/chromedriver/linux64/135.0.7049.95/chromedriver-linux64/chromedriver] found in cache
2025-04-21 18:08:01,718 - INFO - Successfully extracted 159 shots from game cle-vs-bos-0042300205
2025-04-21 18:08:01,778 - INFO - Processing game: bos-vs-dal-0042300404
2025-04-21 18:08:01,778 - INFO - ====== WebDriver manager ======
2025-04-21 18:08:01,846 - INFO - Get LATEST chromedriver version for google-chrome
2025-04-21 18:08:01,886 - INFO - Get LATEST chromedriver version for google-chrome
2025-04-21 18:08:01,926 - INFO - Driver [/home/diego/.wdm/drivers/chromedriver/linux64/135.0.7049.95/chromedriver-linux64/chromedriver] found in cache
2025-04-21 18:08:02,044 - INFO - Successfully extracted 172 shots from game ind-vs-bos-0042300302
2025-04-21 18:08:02,108 - INFO - Processing game: dal-vs-bos-0042300405
2025-04-21 18:08:02,108 - INFO - ====== WebDriver manager ======
2025-04-21 18:08:02,178 - INFO - Get LATEST chromedriver version for google-chrome
2025-04-21 18:08:02,270 - INFO - Successfully extracted 174 shots from game bos-vs-ind-0042300303
2025-04-21 18:08:02,271 - INFO - Get LATEST chromedriver version for google-chrome
2025-04-21 18:08:02,317 - INFO - Driver [/home/diego/.wdm/drivers/chromedriver/linux64/135.0.7049.95/chromedriver-linux64/chromedriver] found in cache
2025-04-21 18:08:03,586 - INFO - Successfully extracted 198 shots from game ind-vs-bos-0042300301
2025-04-21 18:08:04,451 - INFO - Successfully extracted 176 shots from game bos-vs-ind-0042300304
2025-04-21 18:08:04,728 - INFO - Successfully extracted 166 shots from game dal-vs-bos-0042300401
2025-04-21 18:08:05,068 - INFO - Successfully extracted 168 shots from game bos-vs-dal-0042300403
2025-04-21 18:08:05,189 - INFO - Successfully extracted 164 shots from game dal-vs-bos-0042300402
2025-04-21 18:08:05,359 - INFO - Successfully extracted 171 shots from game bos-vs-dal-0042300404
2025-04-21 18:08:05,632 - INFO - Successfully extracted 167 shots from game dal-vs-bos-0042300405
2025-04-21 18:08:05,782 - INFO - Scraping completed. Total shots: 18123
2025-04-21 18:08:05,782 - INFO - Total links opened: 101
2025-04-21 18:08:05,782 - INFO - Total execution time: 50.30 seconds
